Using pre-set license
Built from '2022.3/release' branch; Version is '2022.3.20f1 (61c2feb0970d) revision 6406910'; Using compiler version '192829333'; Build Type 'Release'
OS: 'Windows 10  (10.0.19045) 64bit Professional' Language: 'en' Physical Memory: 32699 MB
BatchMode: 1, IsHumanControllingUs: 0, StartBugReporterOnCrash: 0, Is64bit: 1, IsPro: 1

COMMAND LINE ARGUMENTS:
C:\Program Files\Unity\Hub\Editor\2022.3.20f1\Editor\Unity.exe
-adb2
-batchMode
-noUpm
-name
AssetImportWorker0
-projectPath
D:/2nd animation/DELIVERY-DISASTER
-logFile
Logs/AssetImportWorker0.log
-srvPort
55644
Successfully changed project path to: D:/2nd animation/DELIVERY-DISASTER
D:/2nd animation/DELIVERY-DISASTER
[UnityMemory] Configuration Parameters - Can be set up in boot.config
    "memorysetup-bucket-allocator-granularity=16"
    "memorysetup-bucket-allocator-bucket-count=8"
    "memorysetup-bucket-allocator-block-size=33554432"
    "memorysetup-bucket-allocator-block-count=8"
    "memorysetup-main-allocator-block-size=16777216"
    "memorysetup-thread-allocator-block-size=16777216"
    "memorysetup-gfx-main-allocator-block-size=16777216"
    "memorysetup-gfx-thread-allocator-block-size=16777216"
    "memorysetup-cache-allocator-block-size=4194304"
    "memorysetup-typetree-allocator-block-size=2097152"
    "memorysetup-profiler-bucket-allocator-granularity=16"
    "memorysetup-profiler-bucket-allocator-bucket-count=8"
    "memorysetup-profiler-bucket-allocator-block-size=33554432"
    "memorysetup-profiler-bucket-allocator-block-count=8"
    "memorysetup-profiler-allocator-block-size=16777216"
    "memorysetup-profiler-editor-allocator-block-size=1048576"
    "memorysetup-temp-allocator-size-main=16777216"
    "memorysetup-job-temp-allocator-block-size=2097152"
    "memorysetup-job-temp-allocator-block-size-background=1048576"
    "memorysetup-job-temp-allocator-reduction-small-platforms=262144"
    "memorysetup-allocator-temp-initial-block-size-main=262144"
    "memorysetup-allocator-temp-initial-block-size-worker=262144"
    "memorysetup-temp-allocator-size-background-worker=32768"
    "memorysetup-temp-allocator-size-job-worker=262144"
    "memorysetup-temp-allocator-size-preload-manager=33554432"
    "memorysetup-temp-allocator-size-nav-mesh-worker=65536"
    "memorysetup-temp-allocator-size-audio-worker=65536"
    "memorysetup-temp-allocator-size-cloud-worker=32768"
    "memorysetup-temp-allocator-size-gi-baking-worker=262144"
    "memorysetup-temp-allocator-size-gfx=262144"
Player connection [2732] Host "[IP] 192.168.1.51 [Port] 0 [Flags] 2 [Guid] 251335661 [EditorId] 251335661 [Version] 1048832 [Id] WindowsEditor(7,??????) [Debug] 1 [PackageName] WindowsEditor [ProjectName] Editor" joined multi-casting on [225.0.0.222:54997]...

Player connection [2732] Host "[IP] 192.168.1.51 [Port] 0 [Flags] 2 [Guid] 251335661 [EditorId] 251335661 [Version] 1048832 [Id] WindowsEditor(7,??????) [Debug] 1 [PackageName] WindowsEditor [ProjectName] Editor" joined alternative multi-casting on [225.0.0.222:34997]...

[Physics::Module] Initialized MultithreadedJobDispatcher with 11 workers.
Refreshing native plugins compatible for Editor in 22.86 ms, found 3 plugins.
Preloading 0 native plugins for Editor in 0.00 ms.
Initialize engine version: 2022.3.20f1 (61c2feb0970d)
[Subsystems] Discovering subsystems at path C:/Program Files/Unity/Hub/Editor/2022.3.20f1/Editor/Data/Resources/UnitySubsystems
[Subsystems] Discovering subsystems at path D:/2nd animation/DELIVERY-DISASTER/Assets
GfxDevice: creating device client; threaded=0; jobified=0
Direct3D:
    Version:  Direct3D 11.0 [level 11.1]
    Renderer: NVIDIA GeForce RTX 4060 (ID=0x2882)
    Vendor:   NVIDIA
    VRAM:     7957 MB
    Driver:   31.0.15.5222
Initialize mono
Mono path[0] = 'C:/Program Files/Unity/Hub/Editor/2022.3.20f1/Editor/Data/Managed'
Mono path[1] = 'C:/Program Files/Unity/Hub/Editor/2022.3.20f1/Editor/Data/MonoBleedingEdge/lib/mono/unityjit-win32'
Mono config path = 'C:/Program Files/Unity/Hub/Editor/2022.3.20f1/Editor/Data/MonoBleedingEdge/etc'
Using monoOptions --debugger-agent=transport=dt_socket,embedding=1,server=y,suspend=n,address=127.0.0.1:56088
Begin MonoManager ReloadAssembly
Registering precompiled unity dll's ...
Register platform support module: C:/Program Files/Unity/Hub/Editor/2022.3.20f1/Editor/Data/PlaybackEngines/WindowsStandaloneSupport/UnityEditor.WindowsStandalone.Extensions.dll
Registered in 0.012734 seconds.
- Loaded All Assemblies, in  0.428 seconds
Native extension for WindowsStandalone target not found
Mono: successfully reloaded assembly
- Finished resetting the current domain, in  0.285 seconds
Domain Reload Profiling: 709ms
	BeginReloadAssembly (136ms)
		ExecutionOrderSort (0ms)
		DisableScriptedObjects (0ms)
		BackupInstance (0ms)
		ReleaseScriptingObjects (0ms)
		CreateAndSetChildDomain (1ms)
	RebuildCommonClasses (36ms)
	RebuildNativeTypeToScriptingClass (13ms)
	initialDomainReloadingComplete (73ms)
	LoadAllAssembliesAndSetupDomain (166ms)
		LoadAssemblies (132ms)
		RebuildTransferFunctionScriptingTraits (0ms)
		AnalyzeDomain (163ms)
			TypeCache.Refresh (162ms)
				TypeCache.ScanAssembly (147ms)
			ScanForSourceGeneratedMonoScriptInfo (0ms)
			ResolveRequiredComponents (0ms)
	FinalizeReload (285ms)
		ReleaseScriptCaches (0ms)
		RebuildScriptCaches (0ms)
		SetupLoadedEditorAssemblies (227ms)
			LogAssemblyErrors (0ms)
			InitializePlatformSupportModulesInManaged (11ms)
			SetLoadedEditorAssemblies (7ms)
			RefreshPlugins (0ms)
			BeforeProcessingInitializeOnLoad (2ms)
			ProcessInitializeOnLoadAttributes (157ms)
			ProcessInitializeOnLoadMethodAttributes (50ms)
			AfterProcessingInitializeOnLoad (0ms)
			EditorAssembliesLoaded (0ms)
		ExecutionOrderSort2 (0ms)
		AwakeInstancesAfterBackupRestoration (0ms)
========================================================================
Worker process is ready to serve import requests
Begin MonoManager ReloadAssembly
- Loaded All Assemblies, in  0.834 seconds
Refreshing native plugins compatible for Editor in 5.00 ms, found 3 plugins.
Native extension for WindowsStandalone target not found
Package Manager log level set to [2]
[Package Manager] Server::EnsureServerProcessIsRunning -- launch failed, reason: Unity was launched with the -noUpm command-line argument
[Package Manager] UpmClient::Send -- Unable to send message (not connected to UPM process).
[Package Manager] Cannot connect to Unity Package Manager local server
Mono: successfully reloaded assembly
- Finished resetting the current domain, in  0.828 seconds
Domain Reload Profiling: 1660ms
	BeginReloadAssembly (153ms)
		ExecutionOrderSort (0ms)
		DisableScriptedObjects (5ms)
		BackupInstance (0ms)
		ReleaseScriptingObjects (0ms)
		CreateAndSetChildDomain (23ms)
	RebuildCommonClasses (44ms)
	RebuildNativeTypeToScriptingClass (14ms)
	initialDomainReloadingComplete (82ms)
	LoadAllAssembliesAndSetupDomain (538ms)
		LoadAssemblies (382ms)
		RebuildTransferFunctionScriptingTraits (0ms)
		AnalyzeDomain (246ms)
			TypeCache.Refresh (203ms)
				TypeCache.ScanAssembly (182ms)
			ScanForSourceGeneratedMonoScriptInfo (28ms)
			ResolveRequiredComponents (13ms)
	FinalizeReload (828ms)
		ReleaseScriptCaches (0ms)
		RebuildScriptCaches (0ms)
		SetupLoadedEditorAssemblies (629ms)
			LogAssemblyErrors (0ms)
			InitializePlatformSupportModulesInManaged (9ms)
			SetLoadedEditorAssemblies (4ms)
			RefreshPlugins (0ms)
			BeforeProcessingInitializeOnLoad (79ms)
			ProcessInitializeOnLoadAttributes (394ms)
			ProcessInitializeOnLoadMethodAttributes (130ms)
			AfterProcessingInitializeOnLoad (14ms)
			EditorAssembliesLoaded (0ms)
		ExecutionOrderSort2 (0ms)
		AwakeInstancesAfterBackupRestoration (6ms)
Launched and connected shader compiler UnityShaderCompiler.exe after 0.05 seconds
Refreshing native plugins compatible for Editor in 4.27 ms, found 3 plugins.
Preloading 0 native plugins for Editor in 0.00 ms.
Unloading 5655 Unused Serialized files (Serialized files now loaded: 0)
Unloading 83 unused Assets / (1.8 MB). Loaded Objects now: 6108.
Memory consumption went from 241.6 MB to 239.8 MB.
Total: 5.528300 ms (FindLiveObjects: 1.108700 ms CreateObjectMapping: 0.564000 ms MarkObjects: 3.231200 ms  DeleteObjects: 0.623400 ms)

AssetImportParameters requested are different than current active one (requested -> active):
  custom:container-demuxer-ogg: 62fdf1f143b41e24485cea50d1cbac27 -> 
  custom:video-codec-MediaFoundation-h265: e54d7ab0439102e2317fc1e4b246158d -> 
  custom:video-decoder-ogg-theora: a1e56fd34408186e4bbccfd4996cb3dc -> 
  custom:framework-win-MediaFoundation: 216162199b28c13a410421893ffa2e32 -> 
  custom:CustomObjectIndexerAttribute: 62b5816608c3102f162a1797e29626cf -> 
  custom:container-demuxer-webm: 4f35f7cbe854078d1ac9338744f61a02 -> 
  custom:container-muxer-webm: aa71ff27fc2769a1b78a27578f13a17b -> 
  custom:video-decoder-webm-vp8: 9c59270c3fd7afecdb556c50c9e8de78 -> 
  custom:SearchIndexIgnoredProperties: e643bd26f0fe6173181afceb89e7c659 -> 
  custom:AudioImporter_EditorPlatform: d09bf68614088b80899f8185d706f6e7 -> 
  custom:video-encoder-webm-vp8: eb34c28f22e8b96e1ab97ce403110664 -> 
  custom:audio-decoder-ogg-vorbis: bf7c407c2cedff20999df2af8eb42d56 -> 
  custom:audio-encoder-webm-vorbis: bf7c407c2cedff20999df2af8eb42d56 -> 
========================================================================
Received Import Request.
  Time since last request: 14717.055801 seconds.
  path: Assets/Scenes/SCENE 2.unity
  artifactKey: Guid(ef8edf9e06a022c47bbdac8bff79fff1) Importer(815301076,1909f56bfc062723c751e8b465ee728b)
Start importing Assets/Scenes/SCENE 2.unity using Guid(ef8edf9e06a022c47bbdac8bff79fff1) Importer(815301076,1909f56bfc062723c751e8b465ee728b)  -> (artifact id: 'b9f9a04b726b2f29413d1e063eafab31') in 0.002466 seconds
Number of updated asset objects reloaded before import = 0
Number of asset objects unloaded after import = 0
========================================================================
Received Prepare
Begin MonoManager ReloadAssembly
- Loaded All Assemblies, in  0.519 seconds
Refreshing native plugins compatible for Editor in 5.67 ms, found 3 plugins.
Native extension for WindowsStandalone target not found
[Package Manager] Server::EnsureServerProcessIsRunning -- launch failed, reason: Unity was launched with the -noUpm command-line argument
[Package Manager] UpmClient::Send -- Unable to send message (not connected to UPM process).
[Package Manager] Cannot connect to Unity Package Manager local server
Mono: successfully reloaded assembly
- Finished resetting the current domain, in  1.433 seconds
Domain Reload Profiling: 1950ms
	BeginReloadAssembly (166ms)
		ExecutionOrderSort (0ms)
		DisableScriptedObjects (4ms)
		BackupInstance (0ms)
		ReleaseScriptingObjects (0ms)
		CreateAndSetChildDomain (39ms)
	RebuildCommonClasses (35ms)
	RebuildNativeTypeToScriptingClass (15ms)
	initialDomainReloadingComplete (57ms)
	LoadAllAssembliesAndSetupDomain (243ms)
		LoadAssemblies (305ms)
		RebuildTransferFunctionScriptingTraits (0ms)
		AnalyzeDomain (21ms)
			TypeCache.Refresh (7ms)
				TypeCache.ScanAssembly (0ms)
			ScanForSourceGeneratedMonoScriptInfo (0ms)
			ResolveRequiredComponents (12ms)
	FinalizeReload (1433ms)
		ReleaseScriptCaches (0ms)
		RebuildScriptCaches (0ms)
		SetupLoadedEditorAssemblies (567ms)
			LogAssemblyErrors (0ms)
			InitializePlatformSupportModulesInManaged (7ms)
			SetLoadedEditorAssemblies (3ms)
			RefreshPlugins (0ms)
			BeforeProcessingInitializeOnLoad (81ms)
			ProcessInitializeOnLoadAttributes (351ms)
			ProcessInitializeOnLoadMethodAttributes (115ms)
			AfterProcessingInitializeOnLoad (10ms)
			EditorAssembliesLoaded (0ms)
		ExecutionOrderSort2 (0ms)
		AwakeInstancesAfterBackupRestoration (17ms)
Refreshing native plugins compatible for Editor in 4.74 ms, found 3 plugins.
Preloading 0 native plugins for Editor in 0.00 ms.
Unloading 5443 Unused Serialized files (Serialized files now loaded: 0)
Unloading 55 unused Assets / (1.8 MB). Loaded Objects now: 6112.
Memory consumption went from 204.5 MB to 202.8 MB.
Total: 4.454700 ms (FindLiveObjects: 0.572700 ms CreateObjectMapping: 0.150500 ms MarkObjects: 3.171900 ms  DeleteObjects: 0.558300 ms)

Prepare: number of updated asset objects reloaded= 0
AssetImportParameters requested are different than current active one (requested -> active):
  custom:container-demuxer-ogg: 62fdf1f143b41e24485cea50d1cbac27 -> 
  custom:video-codec-MediaFoundation-h265: e54d7ab0439102e2317fc1e4b246158d -> 
  custom:video-decoder-ogg-theora: a1e56fd34408186e4bbccfd4996cb3dc -> 
  custom:framework-win-MediaFoundation: 216162199b28c13a410421893ffa2e32 -> 
  custom:CustomObjectIndexerAttribute: 62b5816608c3102f162a1797e29626cf -> 
  custom:container-demuxer-webm: 4f35f7cbe854078d1ac9338744f61a02 -> 
  custom:container-muxer-webm: aa71ff27fc2769a1b78a27578f13a17b -> 
  custom:video-decoder-webm-vp8: 9c59270c3fd7afecdb556c50c9e8de78 -> 
  custom:SearchIndexIgnoredProperties: e643bd26f0fe6173181afceb89e7c659 -> 
  custom:AudioImporter_EditorPlatform: d09bf68614088b80899f8185d706f6e7 -> 
  custom:video-encoder-webm-vp8: eb34c28f22e8b96e1ab97ce403110664 -> 
  custom:audio-decoder-ogg-vorbis: bf7c407c2cedff20999df2af8eb42d56 -> 
  custom:audio-encoder-webm-vorbis: bf7c407c2cedff20999df2af8eb42d56 -> 
========================================================================
Received Import Request.
  Time since last request: 274.448337 seconds.
  path: Assets/Toon/Toon_Dogs/Husky_dog/FBX/Husky_clear.fbx
  artifactKey: Guid(2805f80ae43ccc541b490fa206da9c6b) Importer(815301076,1909f56bfc062723c751e8b465ee728b)
Start importing Assets/Toon/Toon_Dogs/Husky_dog/FBX/Husky_clear.fbx using Guid(2805f80ae43ccc541b490fa206da9c6b) Importer(815301076,1909f56bfc062723c751e8b465ee728b)  -> (artifact id: 'b9f3d8ea38871fe1551bada5ec772934') in 0.944770 seconds
Number of updated asset objects reloaded before import = 0
Number of asset objects unloaded after import = 140
========================================================================
Received Import Request.
  Time since last request: 0.000031 seconds.
  path: Assets/Toon/Toon_Dogs/Husky_dog/FBX/Husky_IP.fbx
  artifactKey: Guid(ead02b7accff3f3459faf274052d8e81) Importer(815301076,1909f56bfc062723c751e8b465ee728b)
Start importing Assets/Toon/Toon_Dogs/Husky_dog/FBX/Husky_IP.fbx using Guid(ead02b7accff3f3459faf274052d8e81) Importer(815301076,1909f56bfc062723c751e8b465ee728b)  -> (artifact id: '1d43538a2eeba9226c547acc277bb21b') in 1.969251 seconds
Number of updated asset objects reloaded before import = 0
Number of asset objects unloaded after import = 186
========================================================================
Received Import Request.
  Time since last request: 0.000035 seconds.
  path: Assets/Toon/Toon_Dogs/Husky_dog/Prefabs/Husky_RM_c4.prefab
  artifactKey: Guid(794fdadce8446634e9a11e7f319c5723) Importer(815301076,1909f56bfc062723c751e8b465ee728b)
Start importing Assets/Toon/Toon_Dogs/Husky_dog/Prefabs/Husky_RM_c4.prefab using Guid(794fdadce8446634e9a11e7f319c5723) Importer(815301076,1909f56bfc062723c751e8b465ee728b)  -> (artifact id: 'da3cb541aca16f71c35fe9ac784b4f2c') in 0.317598 seconds
Number of updated asset objects reloaded before import = 0
Number of asset objects unloaded after import = 121
========================================================================
Received Import Request.
  Time since last request: 0.000035 seconds.
  path: Assets/Toon/Toon_Dogs/Husky_dog/Prefabs/Husky_RM_c2.prefab
  artifactKey: Guid(c2203c74c531684419ab92050ee4cf07) Importer(815301076,1909f56bfc062723c751e8b465ee728b)
Start importing Assets/Toon/Toon_Dogs/Husky_dog/Prefabs/Husky_RM_c2.prefab using Guid(c2203c74c531684419ab92050ee4cf07) Importer(815301076,1909f56bfc062723c751e8b465ee728b)  -> (artifact id: '38bff84530a37ce12e8dc119c22bed72') in 0.256244 seconds
Number of updated asset objects reloaded before import = 0
Number of asset objects unloaded after import = 121
========================================================================
Received Import Request.
  Time since last request: 0.000045 seconds.
  path: Assets/Toon/Toon_Dogs/Husky_dog/Texture/Husky_Color_4.png
  artifactKey: Guid(a9d2d554a155db64986011bb3cda2c2e) Importer(815301076,1909f56bfc062723c751e8b465ee728b)
Start importing Assets/Toon/Toon_Dogs/Husky_dog/Texture/Husky_Color_4.png using Guid(a9d2d554a155db64986011bb3cda2c2e) Importer(815301076,1909f56bfc062723c751e8b465ee728b)  -> (artifact id: '9788988ddd48e4cea3ab88c1a89c70ca') in 0.053692 seconds
Number of updated asset objects reloaded before import = 0
Number of asset objects unloaded after import = 2
========================================================================
Received Import Request.
  Time since last request: 0.000027 seconds.
  path: Assets/Toon/Toon_Dogs/Husky_dog/Texture/Husky_Color_1.png
  artifactKey: Guid(c08cdd5583df03d438c1cadb971a88ec) Importer(815301076,1909f56bfc062723c751e8b465ee728b)
Start importing Assets/Toon/Toon_Dogs/Husky_dog/Texture/Husky_Color_1.png using Guid(c08cdd5583df03d438c1cadb971a88ec) Importer(815301076,1909f56bfc062723c751e8b465ee728b)  -> (artifact id: '63b7bda4a1c61cb55db4636fd8e580e9') in 0.052579 seconds
Number of updated asset objects reloaded before import = 0
Number of asset objects unloaded after import = 2
========================================================================
Received Import Request.
  Time since last request: 0.000028 seconds.
  path: Assets/Toon/Toon_Dogs/Husky_dog/Materials/Husky_color_1.mat
  artifactKey: Guid(bf204eaa795b53d439c286547bb510a8) Importer(815301076,1909f56bfc062723c751e8b465ee728b)
Start importing Assets/Toon/Toon_Dogs/Husky_dog/Materials/Husky_color_1.mat using Guid(bf204eaa795b53d439c286547bb510a8) Importer(815301076,1909f56bfc062723c751e8b465ee728b)  -> (artifact id: '2ee4b8c1079e08045a7171480fb8a16c') in 0.028516 seconds
Number of updated asset objects reloaded before import = 0
Number of asset objects unloaded after import = 3
========================================================================
Received Import Request.
  Time since last request: 0.000020 seconds.
  path: Assets/Toon/Toon_Dogs/Husky_dog/Prefabs/Husky_clear_c3.prefab
  artifactKey: Guid(7989265f8d3274845b49adf69fa73026) Importer(815301076,1909f56bfc062723c751e8b465ee728b)
Start importing Assets/Toon/Toon_Dogs/Husky_dog/Prefabs/Husky_clear_c3.prefab using Guid(7989265f8d3274845b49adf69fa73026) Importer(815301076,1909f56bfc062723c751e8b465ee728b)  -> (artifact id: 'c262c249d57fa8022e2d9a616736acbb') in 0.189357 seconds
Number of updated asset objects reloaded before import = 0
Number of asset objects unloaded after import = 121
========================================================================
Received Import Request.
  Time since last request: 0.000023 seconds.
  path: Assets/Toon/Toon_Dogs/Husky_dog/Materials/Husky_color_3.mat
  artifactKey: Guid(fd845a4789585784294e052a6b5e539a) Importer(815301076,1909f56bfc062723c751e8b465ee728b)
Start importing Assets/Toon/Toon_Dogs/Husky_dog/Materials/Husky_color_3.mat using Guid(fd845a4789585784294e052a6b5e539a) Importer(815301076,1909f56bfc062723c751e8b465ee728b)  -> (artifact id: '1293a1b2d816c58c51cf9a888efe5805') in 0.015057 seconds
Number of updated asset objects reloaded before import = 0
Number of asset objects unloaded after import = 3
========================================================================
Received Import Request.
  Time since last request: 0.000027 seconds.
  path: Assets/Toon/Toon_Dogs/Husky_dog/Materials/Husky_color_2.mat
  artifactKey: Guid(453b2d0230e8dca49b00d57cba9d6237) Importer(815301076,1909f56bfc062723c751e8b465ee728b)
Start importing Assets/Toon/Toon_Dogs/Husky_dog/Materials/Husky_color_2.mat using Guid(453b2d0230e8dca49b00d57cba9d6237) Importer(815301076,1909f56bfc062723c751e8b465ee728b)  -> (artifact id: '878bd43da11caf77d737ca04d66fac95') in 0.014540 seconds
Number of updated asset objects reloaded before import = 0
Number of asset objects unloaded after import = 3
========================================================================
Received Import Request.
  Time since last request: 0.000029 seconds.
  path: Assets/Toon/Toon_Dogs/Husky_dog/Materials/Husky_color_4.mat
  artifactKey: Guid(2c3f42f0325fc8f4dbee5cd2def95066) Importer(815301076,1909f56bfc062723c751e8b465ee728b)
Start importing Assets/Toon/Toon_Dogs/Husky_dog/Materials/Husky_color_4.mat using Guid(2c3f42f0325fc8f4dbee5cd2def95066) Importer(815301076,1909f56bfc062723c751e8b465ee728b)  -> (artifact id: '5a88ee21ac5b702363c2decd1124e486') in 0.022022 seconds
Number of updated asset objects reloaded before import = 0
Number of asset objects unloaded after import = 3
========================================================================
Received Import Request.
  Time since last request: 0.000032 seconds.
  path: Assets/Toon/Toon_Dogs/Husky_dog/Prefabs/Husky_clear_c4.prefab
  artifactKey: Guid(307fcef4ae817fa4f9b8ce58d28d2258) Importer(815301076,1909f56bfc062723c751e8b465ee728b)
Start importing Assets/Toon/Toon_Dogs/Husky_dog/Prefabs/Husky_clear_c4.prefab using Guid(307fcef4ae817fa4f9b8ce58d28d2258) Importer(815301076,1909f56bfc062723c751e8b465ee728b)  -> (artifact id: 'ec884faea7c957084f17c794f0728e22') in 0.081630 seconds
Number of updated asset objects reloaded before import = 0
Number of asset objects unloaded after import = 121
========================================================================
Received Import Request.
  Time since last request: 0.000030 seconds.
  path: Assets/Toon/Toon_Dogs/Husky_dog/Prefabs/Husky_IP_c2.prefab
  artifactKey: Guid(28a08db9a120ad94ebd8071c9e1fcb32) Importer(815301076,1909f56bfc062723c751e8b465ee728b)
Start importing Assets/Toon/Toon_Dogs/Husky_dog/Prefabs/Husky_IP_c2.prefab using Guid(28a08db9a120ad94ebd8071c9e1fcb32) Importer(815301076,1909f56bfc062723c751e8b465ee728b)  -> (artifact id: 'fa55d677b59bf4a6ca6ed07ca310f40e') in 0.120758 seconds
Number of updated asset objects reloaded before import = 0
Number of asset objects unloaded after import = 121
========================================================================
Received Import Request.
  Time since last request: 0.000022 seconds.
  path: Assets/Toon/Toon_Dogs/Husky_dog/Prefabs/Husky_RM_c3.prefab
  artifactKey: Guid(ed4cebd2a1a06404999eb719aa10c66d) Importer(815301076,1909f56bfc062723c751e8b465ee728b)
Start importing Assets/Toon/Toon_Dogs/Husky_dog/Prefabs/Husky_RM_c3.prefab using Guid(ed4cebd2a1a06404999eb719aa10c66d) Importer(815301076,1909f56bfc062723c751e8b465ee728b)  -> (artifact id: 'd10aef9718546f8ca296374caadc689f') in 0.111988 seconds
Number of updated asset objects reloaded before import = 0
Number of asset objects unloaded after import = 121
========================================================================
Received Import Request.
  Time since last request: 0.000042 seconds.
  path: Assets/Toon/Toon_Dogs/Husky_dog/Prefabs/Husky_IP_c3.prefab
  artifactKey: Guid(169a861933883724d93c29db80770729) Importer(815301076,1909f56bfc062723c751e8b465ee728b)
Start importing Assets/Toon/Toon_Dogs/Husky_dog/Prefabs/Husky_IP_c3.prefab using Guid(169a861933883724d93c29db80770729) Importer(815301076,1909f56bfc062723c751e8b465ee728b)  -> (artifact id: '372d8449ec6b63c71db8534fc1ae4f4c') in 0.069513 seconds
Number of updated asset objects reloaded before import = 0
Number of asset objects unloaded after import = 121
========================================================================
Received Import Request.
  Time since last request: 0.000019 seconds.
  path: Assets/Toon/Toon_Dogs/Husky_dog/Prefabs/Husky_IP_c1.prefab
  artifactKey: Guid(a0f2855eace4a2d46bf9a5f69ca817f0) Importer(815301076,1909f56bfc062723c751e8b465ee728b)
Start importing Assets/Toon/Toon_Dogs/Husky_dog/Prefabs/Husky_IP_c1.prefab using Guid(a0f2855eace4a2d46bf9a5f69ca817f0) Importer(815301076,1909f56bfc062723c751e8b465ee728b)  -> (artifact id: '7a91d9b81b4b3f3f1a91e73a912b32bc') in 0.051329 seconds
Number of updated asset objects reloaded before import = 0
Number of asset objects unloaded after import = 121
========================================================================
Received Import Request.
  Time since last request: 0.000021 seconds.
  path: Assets/Toon/Toon_Dogs/Husky_dog/Prefabs/Husky_RM_c1.prefab
  artifactKey: Guid(086fa8f091ddf5445bb5cf2fa9cbb700) Importer(815301076,1909f56bfc062723c751e8b465ee728b)
Start importing Assets/Toon/Toon_Dogs/Husky_dog/Prefabs/Husky_RM_c1.prefab using Guid(086fa8f091ddf5445bb5cf2fa9cbb700) Importer(815301076,1909f56bfc062723c751e8b465ee728b)  -> (artifact id: '166c2024ec031bb9da723046bd4e61bb') in 0.069211 seconds
Number of updated asset objects reloaded before import = 0
Number of asset objects unloaded after import = 121
========================================================================
Received Import Request.
  Time since last request: 0.000046 seconds.
  path: Assets/Toon/Toon_Dogs/Husky_dog/Prefabs/Husky_clear_c1.prefab
  artifactKey: Guid(9d28b16711df94d4382905b9a4c586f1) Importer(815301076,1909f56bfc062723c751e8b465ee728b)
Start importing Assets/Toon/Toon_Dogs/Husky_dog/Prefabs/Husky_clear_c1.prefab using Guid(9d28b16711df94d4382905b9a4c586f1) Importer(815301076,1909f56bfc062723c751e8b465ee728b)  -> (artifact id: '1edf2dcabcb6541ba02e5a757aa64921') in 0.021889 seconds
Number of updated asset objects reloaded before import = 0
Number of asset objects unloaded after import = 121
========================================================================
Received Import Request.
  Time since last request: 0.000025 seconds.
  path: Assets/Toon/Toon_Dogs/Husky_dog/Texture/Husky_Color_3.png
  artifactKey: Guid(0e7187fe41b3e314aaa200d715aaa087) Importer(815301076,1909f56bfc062723c751e8b465ee728b)
Start importing Assets/Toon/Toon_Dogs/Husky_dog/Texture/Husky_Color_3.png using Guid(0e7187fe41b3e314aaa200d715aaa087) Importer(815301076,1909f56bfc062723c751e8b465ee728b)  -> (artifact id: 'cfd14571044759928292a7f097a0219c') in 0.023258 seconds
Number of updated asset objects reloaded before import = 0
Number of asset objects unloaded after import = 2
========================================================================
Received Import Request.
  Time since last request: 0.000021 seconds.
  path: Assets/Toon/Toon_Dogs/Husky_dog/Prefabs/Husky_clear_c2.prefab
  artifactKey: Guid(88417c21ec748a04c9af949125a531d3) Importer(815301076,1909f56bfc062723c751e8b465ee728b)
Start importing Assets/Toon/Toon_Dogs/Husky_dog/Prefabs/Husky_clear_c2.prefab using Guid(88417c21ec748a04c9af949125a531d3) Importer(815301076,1909f56bfc062723c751e8b465ee728b)  -> (artifact id: '72279f6f860f588d0e7a3e7a95f39dbc') in 0.019504 seconds
Number of updated asset objects reloaded before import = 0
Number of asset objects unloaded after import = 121
========================================================================
Received Import Request.
  Time since last request: 0.000027 seconds.
  path: Assets/Toon/Toon_Dogs/Husky_dog/Prefabs/Husky_IP_c4.prefab
  artifactKey: Guid(fffd9cf4b34fccc49bd70a259528fffd) Importer(815301076,1909f56bfc062723c751e8b465ee728b)
Start importing Assets/Toon/Toon_Dogs/Husky_dog/Prefabs/Husky_IP_c4.prefab using Guid(fffd9cf4b34fccc49bd70a259528fffd) Importer(815301076,1909f56bfc062723c751e8b465ee728b)  -> (artifact id: 'd402c7a174bfa63d237e9692dc68aa69') in 0.016525 seconds
Number of updated asset objects reloaded before import = 0
Number of asset objects unloaded after import = 121
========================================================================
Received Import Request.
  Time since last request: 0.000019 seconds.
  path: Assets/Toon/Toon_Dogs/Husky_dog/Texture/Husky_Color_2.png
  artifactKey: Guid(94b27033c4bafbd498db3d09c09cd433) Importer(815301076,1909f56bfc062723c751e8b465ee728b)
Start importing Assets/Toon/Toon_Dogs/Husky_dog/Texture/Husky_Color_2.png using Guid(94b27033c4bafbd498db3d09c09cd433) Importer(815301076,1909f56bfc062723c751e8b465ee728b)  -> (artifact id: 'a4ab5d0b3f00ee5876a2e171fd5c297d') in 0.021673 seconds
Number of updated asset objects reloaded before import = 0
Number of asset objects unloaded after import = 2
========================================================================
Received Import Request.
  Time since last request: 1690.831716 seconds.
  path: Packages/com.unity.render-pipelines.core/Editor/Lighting/Icons/LightUnitIcons/BlueSky.png
  artifactKey: Guid(60d4d0573fefbf24198d33863004e7f9) Importer(815301076,1909f56bfc062723c751e8b465ee728b)
Start importing Packages/com.unity.render-pipelines.core/Editor/Lighting/Icons/LightUnitIcons/BlueSky.png using Guid(60d4d0573fefbf24198d33863004e7f9) Importer(815301076,1909f56bfc062723c751e8b465ee728b)  -> (artifact id: '63a0f93b724f3d122a44e0a9db4ec7bb') in 0.055288 seconds
Number of updated asset objects reloaded before import = 0
Number of asset objects unloaded after import = 2
========================================================================
Received Import Request.
  Time since last request: 0.000061 seconds.
  path: Packages/com.unity.render-pipelines.core/Editor/Lighting/Icons/LightUnitIcons/BrightSky.png
  artifactKey: Guid(b93b6450b9bd1f44da176ac4a821c3e8) Importer(815301076,1909f56bfc062723c751e8b465ee728b)
Start importing Packages/com.unity.render-pipelines.core/Editor/Lighting/Icons/LightUnitIcons/BrightSky.png using Guid(b93b6450b9bd1f44da176ac4a821c3e8) Importer(815301076,1909f56bfc062723c751e8b465ee728b)  -> (artifact id: 'c04d42212d5a9c0726a46a7de03e231b') in 0.059244 seconds
Number of updated asset objects reloaded before import = 0
Number of asset objects unloaded after import = 2
========================================================================
Received Import Request.
  Time since last request: 0.000028 seconds.
  path: Packages/com.unity.render-pipelines.core/Editor/Lighting/Icons/LightUnitIcons/ClearSky.png
  artifactKey: Guid(db0321d865208c648ae843f39ab69004) Importer(815301076,1909f56bfc062723c751e8b465ee728b)
Start importing Packages/com.unity.render-pipelines.core/Editor/Lighting/Icons/LightUnitIcons/ClearSky.png using Guid(db0321d865208c648ae843f39ab69004) Importer(815301076,1909f56bfc062723c751e8b465ee728b)  -> (artifact id: 'f5c0ced769e1c808f455d17330546a67') in 0.054467 seconds
Number of updated asset objects reloaded before import = 0
Number of asset objects unloaded after import = 2
========================================================================
Received Import Request.
  Time since last request: 0.000032 seconds.
  path: Packages/com.unity.render-pipelines.core/Editor/Lighting/Icons/LightUnitIcons/d_BlueSky.png
  artifactKey: Guid(8991eaef2ed56cc45b9a80b50fbca5e2) Importer(815301076,1909f56bfc062723c751e8b465ee728b)
Start importing Packages/com.unity.render-pipelines.core/Editor/Lighting/Icons/LightUnitIcons/d_BlueSky.png using Guid(8991eaef2ed56cc45b9a80b50fbca5e2) Importer(815301076,1909f56bfc062723c751e8b465ee728b)  -> (artifact id: 'd12bb6c4c1fa9824f8a8d2d93ad7ddd1') in 0.061333 seconds
Number of updated asset objects reloaded before import = 0
Number of asset objects unloaded after import = 2
========================================================================
Received Import Request.
  Time since last request: 0.000018 seconds.
  path: Packages/com.unity.render-pipelines.core/Editor/Lighting/Icons/LightUnitIcons/d_BrightSky.png
  artifactKey: Guid(a543c2d2147884347a1846e862efa72f) Importer(815301076,1909f56bfc062723c751e8b465ee728b)
Start importing Packages/com.unity.render-pipelines.core/Editor/Lighting/Icons/LightUnitIcons/d_BrightSky.png using Guid(a543c2d2147884347a1846e862efa72f) Importer(815301076,1909f56bfc062723c751e8b465ee728b)  -> (artifact id: '19a93c723b189dc02aa0122cf6f5ac48') in 0.060253 seconds
Number of updated asset objects reloaded before import = 0
Number of asset objects unloaded after import = 2
========================================================================
Received Import Request.
  Time since last request: 0.000029 seconds.
  path: Packages/com.unity.render-pipelines.core/Editor/Lighting/Icons/LightUnitIcons/d_BrightSky@2x.png
  artifactKey: Guid(9a278b70c427e8e4caa47a45a5d59de8) Importer(815301076,1909f56bfc062723c751e8b465ee728b)
Start importing Packages/com.unity.render-pipelines.core/Editor/Lighting/Icons/LightUnitIcons/d_BrightSky@2x.png using Guid(9a278b70c427e8e4caa47a45a5d59de8) Importer(815301076,1909f56bfc062723c751e8b465ee728b)  -> (artifact id: 'a08bd2b9930ad15de8a9f08cd9b83cee') in 0.038989 seconds
Number of updated asset objects reloaded before import = 0
Number of asset objects unloaded after import = 2
========================================================================
Received Import Request.
  Time since last request: 0.000034 seconds.
  path: Packages/com.unity.render-pipelines.core/Editor/Lighting/Icons/LightUnitIcons/d_CloudySky@2x.png
  artifactKey: Guid(088373792f5db604fa5b045cb5dff9c9) Importer(815301076,1909f56bfc062723c751e8b465ee728b)
Start importing Packages/com.unity.render-pipelines.core/Editor/Lighting/Icons/LightUnitIcons/d_CloudySky@2x.png using Guid(088373792f5db604fa5b045cb5dff9c9) Importer(815301076,1909f56bfc062723c751e8b465ee728b)  -> (artifact id: '4e896a6459d75bf91dd2ea77b488f6f3') in 0.038631 seconds
Number of updated asset objects reloaded before import = 0
Number of asset objects unloaded after import = 2
========================================================================
Received Import Request.
  Time since last request: 0.000023 seconds.
  path: Packages/com.unity.render-pipelines.core/Editor/Lighting/Icons/LightUnitIcons/ClearSky@2x.png
  artifactKey: Guid(a01d783415aa03a449e3408eb92d8505) Importer(815301076,1909f56bfc062723c751e8b465ee728b)
Start importing Packages/com.unity.render-pipelines.core/Editor/Lighting/Icons/LightUnitIcons/ClearSky@2x.png using Guid(a01d783415aa03a449e3408eb92d8505) Importer(815301076,1909f56bfc062723c751e8b465ee728b)  -> (artifact id: 'b45f160b36300720c3fbcf7d139001e4') in 0.019526 seconds
Number of updated asset objects reloaded before import = 0
Number of asset objects unloaded after import = 2
========================================================================
Received Import Request.
  Time since last request: 335.707278 seconds.
  path: Assets/moped.zip
  artifactKey: Guid(5fd96abf3c04fe04b8fdf5ed4b595d6c) Importer(815301076,1909f56bfc062723c751e8b465ee728b)
Start importing Assets/moped.zip using Guid(5fd96abf3c04fe04b8fdf5ed4b595d6c) Importer(815301076,1909f56bfc062723c751e8b465ee728b)  -> (artifact id: 'e0ef7067ad12123e4dfe7489f107ecff') in 0.001387 seconds
Number of updated asset objects reloaded before import = 0
Number of asset objects unloaded after import = 1
========================================================================
Received Import Request.
  Time since last request: 1.703026 seconds.
  path: Assets/path-block-material.zip
  artifactKey: Guid(0087090ecf94e2f4ab95135f733f7508) Importer(815301076,1909f56bfc062723c751e8b465ee728b)
Start importing Assets/path-block-material.zip using Guid(0087090ecf94e2f4ab95135f733f7508) Importer(815301076,1909f56bfc062723c751e8b465ee728b)  -> (artifact id: '52bc389a88a728cb94ddb9635bb10349') in 0.000950 seconds
Number of updated asset objects reloaded before import = 0
Number of asset objects unloaded after import = 1
========================================================================
Received Import Request.
  Time since last request: 113.136690 seconds.
  path: Assets/path-block-material
  artifactKey: Guid(2ee683f94822d7d459d39ecea29c5781) Importer(815301076,1909f56bfc062723c751e8b465ee728b)
Start importing Assets/path-block-material using Guid(2ee683f94822d7d459d39ecea29c5781) Importer(815301076,1909f56bfc062723c751e8b465ee728b)  -> (artifact id: '43b98a8927c8046e97143fc94928a8e1') in 0.000574 seconds
Number of updated asset objects reloaded before import = 0
Number of asset objects unloaded after import = 0
========================================================================
Received Import Request.
  Time since last request: 1.154427 seconds.
  path: Assets/path-block-material/source
  artifactKey: Guid(78a139c989028364fb33fbf09b71c123) Importer(815301076,1909f56bfc062723c751e8b465ee728b)
Start importing Assets/path-block-material/source using Guid(78a139c989028364fb33fbf09b71c123) Importer(815301076,1909f56bfc062723c751e8b465ee728b)  -> (artifact id: 'ac9022fffec22807bbac95d74b3676c8') in 0.000566 seconds
Number of updated asset objects reloaded before import = 0
Number of asset objects unloaded after import = 0
========================================================================
Received Import Request.
  Time since last request: 1.676555 seconds.
  path: Assets/path-block-material/textures
  artifactKey: Guid(649081f967b045d4899a0af7ac711c98) Importer(815301076,1909f56bfc062723c751e8b465ee728b)
Start importing Assets/path-block-material/textures using Guid(649081f967b045d4899a0af7ac711c98) Importer(815301076,1909f56bfc062723c751e8b465ee728b)  -> (artifact id: 'c1954f7b5ecc342f4e9109ecdb684ebc') in 0.000612 seconds
Number of updated asset objects reloaded before import = 0
Number of asset objects unloaded after import = 0
========================================================================
Received Import Request.
  Time since last request: 0.105899 seconds.
  path: Assets/path-block-material/textures/park path_Albedo.png
  artifactKey: Guid(0e37834171f504d4ba88cc715ef4171e) Importer(815301076,1909f56bfc062723c751e8b465ee728b)
Start importing Assets/path-block-material/textures/park path_Albedo.png using Guid(0e37834171f504d4ba88cc715ef4171e) Importer(815301076,1909f56bfc062723c751e8b465ee728b)  -> (artifact id: '1c44cc2aa53c79be1cfbff8404f020cf') in 0.040957 seconds
Number of updated asset objects reloaded before import = 0
Number of asset objects unloaded after import = 2
========================================================================
Received Import Request.
  Time since last request: 0.000036 seconds.
  path: Assets/path-block-material/textures/park path_Specular.png
  artifactKey: Guid(69ccebe19332aa84c8c4082e9f62ca97) Importer(815301076,1909f56bfc062723c751e8b465ee728b)
Start importing Assets/path-block-material/textures/park path_Specular.png using Guid(69ccebe19332aa84c8c4082e9f62ca97) Importer(815301076,1909f56bfc062723c751e8b465ee728b)  -> (artifact id: '39518ca54055330b41ebf44ffdeb6154') in 0.047607 seconds
Number of updated asset objects reloaded before import = 0
Number of asset objects unloaded after import = 2
========================================================================
Received Import Request.
  Time since last request: 0.000025 seconds.
  path: Assets/path-block-material/textures/park path_Diffuse.png
  artifactKey: Guid(10bbfeafaab07444aacb21e374887e3c) Importer(815301076,1909f56bfc062723c751e8b465ee728b)
Start importing Assets/path-block-material/textures/park path_Diffuse.png using Guid(10bbfeafaab07444aacb21e374887e3c) Importer(815301076,1909f56bfc062723c751e8b465ee728b)  -> (artifact id: '2ff7926850b14abd9b5b1f9af8fe9166') in 0.024064 seconds
Number of updated asset objects reloaded before import = 0
Number of asset objects unloaded after import = 2
========================================================================
Received Import Request.
  Time since last request: 2521.820500 seconds.
  path: Assets/scripts/FollowObject.cs
  artifactKey: Guid(352af9ed3af4dc94190331273ac48264) Importer(815301076,1909f56bfc062723c751e8b465ee728b)
Start importing Assets/scripts/FollowObject.cs using Guid(352af9ed3af4dc94190331273ac48264) Importer(815301076,1909f56bfc062723c751e8b465ee728b)  -> (artifact id: 'd5447a5517273ccab9a045adeb97e74f') in 0.022115 seconds
Number of updated asset objects reloaded before import = 0
Number of asset objects unloaded after import = 0
========================================================================
Received Import Request.
  Time since last request: 10.117770 seconds.
  path: Packages/com.unity.probuilder/Content/Icons/UVEditor/camera-64x64.png
  artifactKey: Guid(90f8fdd975ce6b74f9ff13d9672b45eb) Importer(815301076,1909f56bfc062723c751e8b465ee728b)
Start importing Packages/com.unity.probuilder/Content/Icons/UVEditor/camera-64x64.png using Guid(90f8fdd975ce6b74f9ff13d9672b45eb) Importer(815301076,1909f56bfc062723c751e8b465ee728b)  -> (artifact id: 'dcbd37d6ccd75483e7bd72e1a196357d') in 0.094662 seconds
Number of updated asset objects reloaded before import = 0
Number of asset objects unloaded after import = 2
========================================================================
Received Import Request.
  Time since last request: 0.000022 seconds.
  path: Packages/com.unity.render-pipelines.core/Editor/LookDev/Icons/Camera1.png
  artifactKey: Guid(2384eb5de05269b44a58f8dd1d83d725) Importer(815301076,1909f56bfc062723c751e8b465ee728b)
Start importing Packages/com.unity.render-pipelines.core/Editor/LookDev/Icons/Camera1.png using Guid(2384eb5de05269b44a58f8dd1d83d725) Importer(815301076,1909f56bfc062723c751e8b465ee728b)  -> (artifact id: '82b0d5039e6a8fa6e951416ec046b3d9') in 0.096725 seconds
Number of updated asset objects reloaded before import = 0
Number of asset objects unloaded after import = 3
========================================================================
Received Import Request.
  Time since last request: 0.000032 seconds.
  path: Packages/com.unity.render-pipelines.core/Editor/LookDev/Icons/Camera2.png
  artifactKey: Guid(e89a31db98e403b40af1a8f0ef9ae1ef) Importer(815301076,1909f56bfc062723c751e8b465ee728b)
Start importing Packages/com.unity.render-pipelines.core/Editor/LookDev/Icons/Camera2.png using Guid(e89a31db98e403b40af1a8f0ef9ae1ef) Importer(815301076,1909f56bfc062723c751e8b465ee728b)  -> (artifact id: '3d0871c850bb83e4c90f53cbfcafa803') in 0.089156 seconds
Number of updated asset objects reloaded before import = 0
Number of asset objects unloaded after import = 3
========================================================================
Received Import Request.
  Time since last request: 0.000022 seconds.
  path: Packages/com.unity.render-pipelines.core/Editor/LookDev/Icons/Camera2@2x.png
  artifactKey: Guid(28f2917353630ce4fa307eeceadcd26d) Importer(815301076,1909f56bfc062723c751e8b465ee728b)
Start importing Packages/com.unity.render-pipelines.core/Editor/LookDev/Icons/Camera2@2x.png using Guid(28f2917353630ce4fa307eeceadcd26d) Importer(815301076,1909f56bfc062723c751e8b465ee728b)  -> (artifact id: 'fee97ec26fb0a18e8990340379642736') in 0.141476 seconds
Number of updated asset objects reloaded before import = 0
Number of asset objects unloaded after import = 3
========================================================================
Received Import Request.
  Time since last request: 0.000031 seconds.
  path: Assets/Aura 2/Core/Data/Textures/Icons/CameraGizmoIcon.png
  artifactKey: Guid(a5443c762f94a3149af8a888a69a0737) Importer(815301076,1909f56bfc062723c751e8b465ee728b)
Start importing Assets/Aura 2/Core/Data/Textures/Icons/CameraGizmoIcon.png using Guid(a5443c762f94a3149af8a888a69a0737) Importer(815301076,1909f56bfc062723c751e8b465ee728b)  -> (artifact id: 'a26f7f0c03ddafaa762079ae4c7adf31') in 0.075213 seconds
Number of updated asset objects reloaded before import = 0
Number of asset objects unloaded after import = 2
========================================================================
Received Import Request.
  Time since last request: 0.000023 seconds.
  path: Packages/com.unity.render-pipelines.core/Editor/LookDev/Icons/d_Camera1.png
  artifactKey: Guid(56c35c86bb44b0e4e84a22db56968157) Importer(815301076,1909f56bfc062723c751e8b465ee728b)
Start importing Packages/com.unity.render-pipelines.core/Editor/LookDev/Icons/d_Camera1.png using Guid(56c35c86bb44b0e4e84a22db56968157) Importer(815301076,1909f56bfc062723c751e8b465ee728b)  -> (artifact id: '8247a1b0eb110dc70158f1cc2a1adcde') in 0.053475 seconds
Number of updated asset objects reloaded before import = 0
Number of asset objects unloaded after import = 3
========================================================================
Received Import Request.
  Time since last request: 0.000023 seconds.
  path: Packages/com.unity.render-pipelines.core/Editor/LookDev/Icons/d_Camera1@2x.png
  artifactKey: Guid(603d01d730be24147adda7897e463598) Importer(815301076,1909f56bfc062723c751e8b465ee728b)
Start importing Packages/com.unity.render-pipelines.core/Editor/LookDev/Icons/d_Camera1@2x.png using Guid(603d01d730be24147adda7897e463598) Importer(815301076,1909f56bfc062723c751e8b465ee728b)  -> (artifact id: '6283f82244e8012977da4832c25dc6a3') in 0.055116 seconds
Number of updated asset objects reloaded before import = 0
Number of asset objects unloaded after import = 3
========================================================================
Received Import Request.
  Time since last request: 0.000027 seconds.
  path: Assets/Aura 2/Core/Data/Textures/Icons/CameraIcon.png
  artifactKey: Guid(04261a616d453c041a4b2ccbe70e191b) Importer(815301076,1909f56bfc062723c751e8b465ee728b)
Start importing Assets/Aura 2/Core/Data/Textures/Icons/CameraIcon.png using Guid(04261a616d453c041a4b2ccbe70e191b) Importer(815301076,1909f56bfc062723c751e8b465ee728b)  -> (artifact id: '57659da2904a122d0af89e532a72605a') in 0.019868 seconds
Number of updated asset objects reloaded before import = 0
Number of asset objects unloaded after import = 2
========================================================================
Received Import Request.
  Time since last request: 0.000023 seconds.
  path: Assets/Aura 2/Core/Data/Textures/Icons/CameraMiniIcon.png
  artifactKey: Guid(17729f9a5efce8641a831e8212a54923) Importer(815301076,1909f56bfc062723c751e8b465ee728b)
Start importing Assets/Aura 2/Core/Data/Textures/Icons/CameraMiniIcon.png using Guid(17729f9a5efce8641a831e8212a54923) Importer(815301076,1909f56bfc062723c751e8b465ee728b)  -> (artifact id: '48df90c9274c809688fe64ddf25b5128') in 0.018724 seconds
Number of updated asset objects reloaded before import = 0
Number of asset objects unloaded after import = 2
========================================================================
Received Import Request.
  Time since last request: 0.000034 seconds.
  path: Packages/com.unity.render-pipelines.core/Editor/LookDev/Icons/d_Camera2@2x.png
  artifactKey: Guid(99d7e777338ab8f4ba890cc738794dba) Importer(815301076,1909f56bfc062723c751e8b465ee728b)
Start importing Packages/com.unity.render-pipelines.core/Editor/LookDev/Icons/d_Camera2@2x.png using Guid(99d7e777338ab8f4ba890cc738794dba) Importer(815301076,1909f56bfc062723c751e8b465ee728b)  -> (artifact id: '91af04a09c0b78d0feafa85668efaa25') in 0.132352 seconds
Number of updated asset objects reloaded before import = 0
Number of asset objects unloaded after import = 3
========================================================================
Received Import Request.
  Time since last request: 33.418294 seconds.
  path: Assets/Scenes/SCENE 2.unity
  artifactKey: Guid(ef8edf9e06a022c47bbdac8bff79fff1) Importer(815301076,1909f56bfc062723c751e8b465ee728b)
Start importing Assets/Scenes/SCENE 2.unity using Guid(ef8edf9e06a022c47bbdac8bff79fff1) Importer(815301076,1909f56bfc062723c751e8b465ee728b)  -> (artifact id: 'c72d4b72ede3dd67b247fea55178838d') in 0.000576 seconds
Number of updated asset objects reloaded before import = 0
Number of asset objects unloaded after import = 0
========================================================================
Received Prepare
Begin MonoManager ReloadAssembly
- Loaded All Assemblies, in  0.583 seconds
Refreshing native plugins compatible for Editor in 3.92 ms, found 3 plugins.
Native extension for WindowsStandalone target not found
[Package Manager] Server::EnsureServerProcessIsRunning -- launch failed, reason: Unity was launched with the -noUpm command-line argument
[Package Manager] UpmClient::Send -- Unable to send message (not connected to UPM process).
[Package Manager] Cannot connect to Unity Package Manager local server
Mono: successfully reloaded assembly
- Finished resetting the current domain, in  1.415 seconds
Domain Reload Profiling: 1996ms
	BeginReloadAssembly (192ms)
		ExecutionOrderSort (0ms)
		DisableScriptedObjects (11ms)
		BackupInstance (0ms)
		ReleaseScriptingObjects (0ms)
		CreateAndSetChildDomain (55ms)
	RebuildCommonClasses (38ms)
	RebuildNativeTypeToScriptingClass (11ms)
	initialDomainReloadingComplete (62ms)
	LoadAllAssembliesAndSetupDomain (276ms)
		LoadAssemblies (344ms)
		RebuildTransferFunctionScriptingTraits (0ms)
		AnalyzeDomain (17ms)
			TypeCache.Refresh (6ms)
				TypeCache.ScanAssembly (0ms)
			ScanForSourceGeneratedMonoScriptInfo (0ms)
			ResolveRequiredComponents (10ms)
	FinalizeReload (1416ms)
		ReleaseScriptCaches (0ms)
		RebuildScriptCaches (0ms)
		SetupLoadedEditorAssemblies (502ms)
			LogAssemblyErrors (0ms)
			InitializePlatformSupportModulesInManaged (7ms)
			SetLoadedEditorAssemblies (4ms)
			RefreshPlugins (0ms)
			BeforeProcessingInitializeOnLoad (81ms)
			ProcessInitializeOnLoadAttributes (297ms)
			ProcessInitializeOnLoadMethodAttributes (101ms)
			AfterProcessingInitializeOnLoad (11ms)
			EditorAssembliesLoaded (0ms)
		ExecutionOrderSort2 (0ms)
		AwakeInstancesAfterBackupRestoration (17ms)
Refreshing native plugins compatible for Editor in 4.57 ms, found 3 plugins.
Preloading 0 native plugins for Editor in 0.00 ms.
Unloading 5443 Unused Serialized files (Serialized files now loaded: 0)
Unloading 55 unused Assets / (1.8 MB). Loaded Objects now: 6205.
Memory consumption went from 213.0 MB to 211.3 MB.
Total: 4.912500 ms (FindLiveObjects: 0.853200 ms CreateObjectMapping: 0.140100 ms MarkObjects: 3.410900 ms  DeleteObjects: 0.506900 ms)

Prepare: number of updated asset objects reloaded= 0
AssetImportParameters requested are different than current active one (requested -> active):
  custom:container-demuxer-ogg: 62fdf1f143b41e24485cea50d1cbac27 -> 
  custom:video-codec-MediaFoundation-h265: e54d7ab0439102e2317fc1e4b246158d -> 
  custom:video-decoder-ogg-theora: a1e56fd34408186e4bbccfd4996cb3dc -> 
  custom:framework-win-MediaFoundation: 216162199b28c13a410421893ffa2e32 -> 
  custom:CustomObjectIndexerAttribute: 62b5816608c3102f162a1797e29626cf -> 
  custom:container-demuxer-webm: 4f35f7cbe854078d1ac9338744f61a02 -> 
  custom:container-muxer-webm: aa71ff27fc2769a1b78a27578f13a17b -> 
  custom:video-decoder-webm-vp8: 9c59270c3fd7afecdb556c50c9e8de78 -> 
  custom:SearchIndexIgnoredProperties: e643bd26f0fe6173181afceb89e7c659 -> 
  custom:AudioImporter_EditorPlatform: d09bf68614088b80899f8185d706f6e7 -> 
  custom:video-encoder-webm-vp8: eb34c28f22e8b96e1ab97ce403110664 -> 
  custom:audio-decoder-ogg-vorbis: bf7c407c2cedff20999df2af8eb42d56 -> 
  custom:audio-encoder-webm-vorbis: bf7c407c2cedff20999df2af8eb42d56 -> 
========================================================================
Received Import Request.
  Time since last request: 66.340422 seconds.
  path: Assets/Scenes/SCENE 3.unity
  artifactKey: Guid(8044a28ee5a243c4a8cc2aa9d4cfb15f) Importer(815301076,1909f56bfc062723c751e8b465ee728b)
Start importing Assets/Scenes/SCENE 3.unity using Guid(8044a28ee5a243c4a8cc2aa9d4cfb15f) Importer(815301076,1909f56bfc062723c751e8b465ee728b)  -> (artifact id: '0bd66da9275937cabf2317d817208aad') in 0.017524 seconds
Number of updated asset objects reloaded before import = 0
Number of asset objects unloaded after import = 0
========================================================================
Received Import Request.
  Time since last request: 15.224838 seconds.
  path: Assets/Scenes/SCENE w.unity
  artifactKey: Guid(8044a28ee5a243c4a8cc2aa9d4cfb15f) Importer(815301076,1909f56bfc062723c751e8b465ee728b)
Start importing Assets/Scenes/SCENE w.unity using Guid(8044a28ee5a243c4a8cc2aa9d4cfb15f) Importer(815301076,1909f56bfc062723c751e8b465ee728b)  -> (artifact id: '3114fab43f68c60f53b70d09defee1f8') in 0.000502 seconds
Number of updated asset objects reloaded before import = 0
Number of asset objects unloaded after import = 0
========================================================================
Received Import Request.
  Time since last request: 4.201945 seconds.
  path: Assets/Scenes/SCENE 2.unity
  artifactKey: Guid(8044a28ee5a243c4a8cc2aa9d4cfb15f) Importer(815301076,1909f56bfc062723c751e8b465ee728b)
Start importing Assets/Scenes/SCENE 2.unity using Guid(8044a28ee5a243c4a8cc2aa9d4cfb15f) Importer(815301076,1909f56bfc062723c751e8b465ee728b)  -> (artifact id: 'c46125f1c7fc55c7d17d22714fc75f06') in 0.000570 seconds
Number of updated asset objects reloaded before import = 0
Number of asset objects unloaded after import = 0
========================================================================
Received Prepare
Begin MonoManager ReloadAssembly
- Loaded All Assemblies, in  0.569 seconds
Refreshing native plugins compatible for Editor in 4.84 ms, found 3 plugins.
Native extension for WindowsStandalone target not found
[Package Manager] Server::EnsureServerProcessIsRunning -- launch failed, reason: Unity was launched with the -noUpm command-line argument
[Package Manager] UpmClient::Send -- Unable to send message (not connected to UPM process).
[Package Manager] Cannot connect to Unity Package Manager local server
Mono: successfully reloaded assembly
- Finished resetting the current domain, in  1.275 seconds
Domain Reload Profiling: 1841ms
	BeginReloadAssembly (204ms)
		ExecutionOrderSort (0ms)
		DisableScriptedObjects (3ms)
		BackupInstance (0ms)
		ReleaseScriptingObjects (0ms)
		CreateAndSetChildDomain (40ms)
	RebuildCommonClasses (37ms)
	RebuildNativeTypeToScriptingClass (11ms)
	initialDomainReloadingComplete (63ms)
	LoadAllAssembliesAndSetupDomain (250ms)
		LoadAssemblies (338ms)
		RebuildTransferFunctionScriptingTraits (0ms)
		AnalyzeDomain (18ms)
			TypeCache.Refresh (6ms)
				TypeCache.ScanAssembly (0ms)
			ScanForSourceGeneratedMonoScriptInfo (0ms)
			ResolveRequiredComponents (10ms)
	FinalizeReload (1276ms)
		ReleaseScriptCaches (0ms)
		RebuildScriptCaches (0ms)
		SetupLoadedEditorAssemblies (491ms)
			LogAssemblyErrors (0ms)
			InitializePlatformSupportModulesInManaged (7ms)
			SetLoadedEditorAssemblies (3ms)
			RefreshPlugins (0ms)
			BeforeProcessingInitializeOnLoad (81ms)
			ProcessInitializeOnLoadAttributes (280ms)
			ProcessInitializeOnLoadMethodAttributes (109ms)
			AfterProcessingInitializeOnLoad (11ms)
			EditorAssembliesLoaded (0ms)
		ExecutionOrderSort2 (0ms)
		AwakeInstancesAfterBackupRestoration (17ms)
Refreshing native plugins compatible for Editor in 4.86 ms, found 3 plugins.
Preloading 0 native plugins for Editor in 0.00 ms.
Unloading 5443 Unused Serialized files (Serialized files now loaded: 0)
Unloading 55 unused Assets / (1.7 MB). Loaded Objects now: 6209.
Memory consumption went from 214.9 MB to 213.2 MB.
Total: 4.894800 ms (FindLiveObjects: 0.688200 ms CreateObjectMapping: 0.151100 ms MarkObjects: 3.464400 ms  DeleteObjects: 0.589400 ms)

Prepare: number of updated asset objects reloaded= 0
AssetImportParameters requested are different than current active one (requested -> active):
  custom:container-demuxer-ogg: 62fdf1f143b41e24485cea50d1cbac27 -> 
  custom:video-codec-MediaFoundation-h265: e54d7ab0439102e2317fc1e4b246158d -> 
  custom:video-decoder-ogg-theora: a1e56fd34408186e4bbccfd4996cb3dc -> 
  custom:framework-win-MediaFoundation: 216162199b28c13a410421893ffa2e32 -> 
  custom:CustomObjectIndexerAttribute: 62b5816608c3102f162a1797e29626cf -> 
  custom:container-demuxer-webm: 4f35f7cbe854078d1ac9338744f61a02 -> 
  custom:container-muxer-webm: aa71ff27fc2769a1b78a27578f13a17b -> 
  custom:video-decoder-webm-vp8: 9c59270c3fd7afecdb556c50c9e8de78 -> 
  custom:SearchIndexIgnoredProperties: e643bd26f0fe6173181afceb89e7c659 -> 
  custom:AudioImporter_EditorPlatform: d09bf68614088b80899f8185d706f6e7 -> 
  custom:video-encoder-webm-vp8: eb34c28f22e8b96e1ab97ce403110664 -> 
  custom:audio-decoder-ogg-vorbis: bf7c407c2cedff20999df2af8eb42d56 -> 
  custom:audio-encoder-webm-vorbis: bf7c407c2cedff20999df2af8eb42d56 -> 
========================================================================
Received Import Request.
  Time since last request: 164.246546 seconds.
  path: Assets/path-block-material/Materials
  artifactKey: Guid(619cb0d21fa46fc4583d084d3328028e) Importer(815301076,1909f56bfc062723c751e8b465ee728b)
Start importing Assets/path-block-material/Materials using Guid(619cb0d21fa46fc4583d084d3328028e) Importer(815301076,1909f56bfc062723c751e8b465ee728b)  -> (artifact id: 'e70f1aab253ff45aa3f69109f70ebab4') in 0.009534 seconds
Number of updated asset objects reloaded before import = 0
Number of asset objects unloaded after import = 0
========================================================================
Received Import Request.
  Time since last request: 0.000030 seconds.
  path: Assets/path-block-material/Materials/park path_Normal.mat
  artifactKey: Guid(6d0c127ffcdb1644c97e26f38cb61d61) Importer(815301076,1909f56bfc062723c751e8b465ee728b)
Start importing Assets/path-block-material/Materials/park path_Normal.mat using Guid(6d0c127ffcdb1644c97e26f38cb61d61) Importer(815301076,1909f56bfc062723c751e8b465ee728b)  -> (artifact id: 'a4c9efabd6a8713d7908c7f5130d82a5') in 0.281336 seconds
Number of updated asset objects reloaded before import = 0
Number of asset objects unloaded after import = 22
========================================================================
Received Import Request.
  Time since last request: 3.566708 seconds.
  path: Assets/path-block-material/textures/park path_Normal.png
  artifactKey: Guid(f08032ce49932174fa23d94d4b99664b) Importer(815301076,1909f56bfc062723c751e8b465ee728b)
Start importing Assets/path-block-material/textures/park path_Normal.png using Guid(f08032ce49932174fa23d94d4b99664b) Importer(815301076,1909f56bfc062723c751e8b465ee728b)  -> (artifact id: '982e0bb47761815049fc51497ff67e2f') in 0.037571 seconds
Number of updated asset objects reloaded before import = 0
Number of asset objects unloaded after import = 2
========================================================================
Received Prepare
Begin MonoManager ReloadAssembly
- Loaded All Assemblies, in  0.537 seconds
Refreshing native plugins compatible for Editor in 4.22 ms, found 3 plugins.
Native extension for WindowsStandalone target not found
[Package Manager] Server::EnsureServerProcessIsRunning -- launch failed, reason: Unity was launched with the -noUpm command-line argument
[Package Manager] UpmClient::Send -- Unable to send message (not connected to UPM process).
[Package Manager] Cannot connect to Unity Package Manager local server
Mono: successfully reloaded assembly
- Finished resetting the current domain, in  1.268 seconds
Domain Reload Profiling: 1802ms
	BeginReloadAssembly (195ms)
		ExecutionOrderSort (0ms)
		DisableScriptedObjects (11ms)
		BackupInstance (0ms)
		ReleaseScriptingObjects (0ms)
		CreateAndSetChildDomain (51ms)
	RebuildCommonClasses (34ms)
	RebuildNativeTypeToScriptingClass (11ms)
	initialDomainReloadingComplete (63ms)
	LoadAllAssembliesAndSetupDomain (231ms)
		LoadAssemblies (297ms)
		RebuildTransferFunctionScriptingTraits (0ms)
		AnalyzeDomain (18ms)
			TypeCache.Refresh (6ms)
				TypeCache.ScanAssembly (0ms)
			ScanForSourceGeneratedMonoScriptInfo (0ms)
			ResolveRequiredComponents (10ms)
	FinalizeReload (1268ms)
		ReleaseScriptCaches (0ms)
		RebuildScriptCaches (0ms)
		SetupLoadedEditorAssemblies (491ms)
			LogAssemblyErrors (0ms)
			InitializePlatformSupportModulesInManaged (7ms)
			SetLoadedEditorAssemblies (3ms)
			RefreshPlugins (0ms)
			BeforeProcessingInitializeOnLoad (74ms)
			ProcessInitializeOnLoadAttributes (288ms)
			ProcessInitializeOnLoadMethodAttributes (106ms)
			AfterProcessingInitializeOnLoad (14ms)
			EditorAssembliesLoaded (0ms)
		ExecutionOrderSort2 (0ms)
		AwakeInstancesAfterBackupRestoration (18ms)
Refreshing native plugins compatible for Editor in 5.19 ms, found 3 plugins.
Preloading 0 native plugins for Editor in 0.00 ms.
Unloading 5443 Unused Serialized files (Serialized files now loaded: 0)
Unloading 55 unused Assets / (1.7 MB). Loaded Objects now: 6251.
Memory consumption went from 217.0 MB to 215.3 MB.
Total: 4.359800 ms (FindLiveObjects: 0.590900 ms CreateObjectMapping: 0.142100 ms MarkObjects: 2.937800 ms  DeleteObjects: 0.688000 ms)

Prepare: number of updated asset objects reloaded= 0
AssetImportParameters requested are different than current active one (requested -> active):
  custom:container-demuxer-ogg: 62fdf1f143b41e24485cea50d1cbac27 -> 
  custom:video-codec-MediaFoundation-h265: e54d7ab0439102e2317fc1e4b246158d -> 
  custom:video-decoder-ogg-theora: a1e56fd34408186e4bbccfd4996cb3dc -> 
  custom:framework-win-MediaFoundation: 216162199b28c13a410421893ffa2e32 -> 
  custom:CustomObjectIndexerAttribute: 62b5816608c3102f162a1797e29626cf -> 
  custom:container-demuxer-webm: 4f35f7cbe854078d1ac9338744f61a02 -> 
  custom:container-muxer-webm: aa71ff27fc2769a1b78a27578f13a17b -> 
  custom:video-decoder-webm-vp8: 9c59270c3fd7afecdb556c50c9e8de78 -> 
  custom:SearchIndexIgnoredProperties: e643bd26f0fe6173181afceb89e7c659 -> 
  custom:AudioImporter_EditorPlatform: d09bf68614088b80899f8185d706f6e7 -> 
  custom:video-encoder-webm-vp8: eb34c28f22e8b96e1ab97ce403110664 -> 
  custom:audio-decoder-ogg-vorbis: bf7c407c2cedff20999df2af8eb42d56 -> 
  custom:audio-encoder-webm-vorbis: bf7c407c2cedff20999df2af8eb42d56 -> 
========================================================================
Received Import Request.
  Time since last request: 4720.856285 seconds.
  path: Assets/Import/Old_Petrol_Station_Shop
  artifactKey: Guid(bd6d8828fe71ce947a49a895e4088457) Importer(815301076,1909f56bfc062723c751e8b465ee728b)
Start importing Assets/Import/Old_Petrol_Station_Shop using Guid(bd6d8828fe71ce947a49a895e4088457) Importer(815301076,1909f56bfc062723c751e8b465ee728b)  -> (artifact id: '320ef9480a82ceb61c59f257dca9ebba') in 0.113588 seconds
Number of updated asset objects reloaded before import = 0
Number of asset objects unloaded after import = 0
========================================================================
Received Import Request.
  Time since last request: 16.530134 seconds.
  path: Assets/Import/Fantasy_Houses_Medieval_Style_(5_Pack)
  artifactKey: Guid(dfcf5c630e9b7554ba523c7f561072a6) Importer(815301076,1909f56bfc062723c751e8b465ee728b)
Start importing Assets/Import/Fantasy_Houses_Medieval_Style_(5_Pack) using Guid(dfcf5c630e9b7554ba523c7f561072a6) Importer(815301076,1909f56bfc062723c751e8b465ee728b)  -> (artifact id: '6167260214467c12a2f4762c5df58350') in 0.003837 seconds
Number of updated asset objects reloaded before import = 0
Number of asset objects unloaded after import = 0
========================================================================
Received Import Request.
  Time since last request: 0.224596 seconds.
  path: Assets/Import/Fantasy_Houses_Medieval_Style_(5_Pack)/Fantasy_Houses_Medieval_Style_(5_Pack).prefab
  artifactKey: Guid(bc712e278a659ac46993342523a68d5e) Importer(815301076,1909f56bfc062723c751e8b465ee728b)
Start importing Assets/Import/Fantasy_Houses_Medieval_Style_(5_Pack)/Fantasy_Houses_Medieval_Style_(5_Pack).prefab using Guid(bc712e278a659ac46993342523a68d5e) Importer(815301076,1909f56bfc062723c751e8b465ee728b)  -> (artifact id: 'd190a2749e5914433a1ccfa1843dc366') in 0.608404 seconds
Number of updated asset objects reloaded before import = 0
Number of asset objects unloaded after import = 575
========================================================================
Received Import Request.
  Time since last request: 39.162388 seconds.
  path: Assets/Scenes/SCENE 1.unity
  artifactKey: Guid(c2bdf09b4f6807843bc0b4a63d256c8f) Importer(2089858483,0ecaa5967403d082aa24f35e1b516d23)
Start importing Assets/Scenes/SCENE 1.unity using Guid(c2bdf09b4f6807843bc0b4a63d256c8f) Importer(2089858483,0ecaa5967403d082aa24f35e1b516d23) Generated GUIDs only implemented for interfaces!
 -> (artifact id: 'be1546069e8d85f49f583cfbfe92a516') in 0.318674 seconds
Number of updated asset objects reloaded before import = 0
Number of asset objects unloaded after import = 1
========================================================================
Received Import Request.
  Time since last request: 0.000046 seconds.
  path: Assets/Aura 2/Core/Code/Editor/Shaders
  artifactKey: Guid(1f4a1c7532ca7e042979a2b033c96d7b) Importer(2089858483,0ecaa5967403d082aa24f35e1b516d23)
Start importing Assets/Aura 2/Core/Code/Editor/Shaders using Guid(1f4a1c7532ca7e042979a2b033c96d7b) Importer(2089858483,0ecaa5967403d082aa24f35e1b516d23) Generated GUIDs only implemented for interfaces!
 -> (artifact id: '64501a39746be0eb7a4cb8b75667bf0c') in 0.011656 seconds
Number of updated asset objects reloaded before import = 0
Number of asset objects unloaded after import = 1
========================================================================
Received Import Request.
  Time since last request: 0.000036 seconds.
  path: Assets/Day-Night Skyboxes/Textures/SkySunSet_Front.png
  artifactKey: Guid(33db3c0239cfad94780b85a1ad3f4e36) Importer(2089858483,0ecaa5967403d082aa24f35e1b516d23)
Start importing Assets/Day-Night Skyboxes/Textures/SkySunSet_Front.png using Guid(33db3c0239cfad94780b85a1ad3f4e36) Importer(2089858483,0ecaa5967403d082aa24f35e1b516d23) Generated GUIDs only implemented for interfaces!
 -> (artifact id: '13b70976822a062c0603123570ebe10e') in 0.326472 seconds
Number of updated asset objects reloaded before import = 0
Number of asset objects unloaded after import = 1
========================================================================
Received Import Request.
  Time since last request: 0.000027 seconds.
  path: Assets/Day-Night Skyboxes/Textures/SkyCloudy_Top.png
  artifactKey: Guid(e71cba7ef433f8c418d4dcde1e79fb98) Importer(2089858483,0ecaa5967403d082aa24f35e1b516d23)
Start importing Assets/Day-Night Skyboxes/Textures/SkyCloudy_Top.png using Guid(e71cba7ef433f8c418d4dcde1e79fb98) Importer(2089858483,0ecaa5967403d082aa24f35e1b516d23) Generated GUIDs only implemented for interfaces!
 -> (artifact id: 'ab5e1464358fa1224f8cd20602ab8366') in 0.073199 seconds
Number of updated asset objects reloaded before import = 0
Number of asset objects unloaded after import = 1
========================================================================
Received Import Request.
  Time since last request: 0.000035 seconds.
  path: Assets/Day-Night Skyboxes/Textures/SkyCloudy_Left.png
  artifactKey: Guid(bcc8c05874f1a2748a8df9f4a201b172) Importer(2089858483,0ecaa5967403d082aa24f35e1b516d23)
Start importing Assets/Day-Night Skyboxes/Textures/SkyCloudy_Left.png using Guid(bcc8c05874f1a2748a8df9f4a201b172) Importer(2089858483,0ecaa5967403d082aa24f35e1b516d23) Generated GUIDs only implemented for interfaces!
 -> (artifact id: '2ca901b77296452665b30175670a9fb0') in 0.093451 seconds
Number of updated asset objects reloaded before import = 0
Number of asset objects unloaded after import = 1
========================================================================
Received Import Request.
  Time since last request: 0.000028 seconds.
  path: Assets/Day-Night Skyboxes/Textures/SkyMidNight_Top.png
  artifactKey: Guid(e211c2ca9055575428e0614590e7e651) Importer(2089858483,0ecaa5967403d082aa24f35e1b516d23)
Start importing Assets/Day-Night Skyboxes/Textures/SkyMidNight_Top.png using Guid(e211c2ca9055575428e0614590e7e651) Importer(2089858483,0ecaa5967403d082aa24f35e1b516d23) Generated GUIDs only implemented for interfaces!
 -> (artifact id: '5f2de804b97999e9cf2697a729d48339') in 0.239981 seconds
Number of updated asset objects reloaded before import = 0
Number of asset objects unloaded after import = 1
========================================================================
Received Import Request.
  Time since last request: 0.000021 seconds.
  path: Assets/Day-Night Skyboxes/Textures/SkyBrightMorning_Right.png
  artifactKey: Guid(62f6306d636d810479805f34fa875e27) Importer(2089858483,0ecaa5967403d082aa24f35e1b516d23)
Start importing Assets/Day-Night Skyboxes/Textures/SkyBrightMorning_Right.png using Guid(62f6306d636d810479805f34fa875e27) Importer(2089858483,0ecaa5967403d082aa24f35e1b516d23) Generated GUIDs only implemented for interfaces!
 -> (artifact id: '257d9a10f448113843ddefdb8eca2531') in 0.058508 seconds
Number of updated asset objects reloaded before import = 0
Number of asset objects unloaded after import = 1
========================================================================
Received Import Request.
  Time since last request: 0.000047 seconds.
  path: Assets/Day-Night Skyboxes/Materials/SkyCloudy.mat
  artifactKey: Guid(d11d338e6a849d84f85a289f91b3fa00) Importer(2089858483,0ecaa5967403d082aa24f35e1b516d23)
Start importing Assets/Day-Night Skyboxes/Materials/SkyCloudy.mat using Guid(d11d338e6a849d84f85a289f91b3fa00) Importer(2089858483,0ecaa5967403d082aa24f35e1b516d23) Generated GUIDs only implemented for interfaces!
 -> (artifact id: '8062df9d5bb1ff904e93da7f8a9ad99d') in 0.043799 seconds
Number of updated asset objects reloaded before import = 0
Number of asset objects unloaded after import = 7
========================================================================
Received Import Request.
  Time since last request: 0.000021 seconds.
  path: Assets/Day-Night Skyboxes/Textures/SkyNight_Back.png
  artifactKey: Guid(e65a7ad9e078ebe46a18ab96337a8d63) Importer(2089858483,0ecaa5967403d082aa24f35e1b516d23)
Start importing Assets/Day-Night Skyboxes/Textures/SkyNight_Back.png using Guid(e65a7ad9e078ebe46a18ab96337a8d63) Importer(2089858483,0ecaa5967403d082aa24f35e1b516d23) Generated GUIDs only implemented for interfaces!
 -> (artifact id: '3e9e7f7d28be7e180c0edbbd273c50d8') in 0.152648 seconds
Number of updated asset objects reloaded before import = 0
Number of asset objects unloaded after import = 1
========================================================================
Received Import Request.
  Time since last request: 0.000022 seconds.
  path: Assets/New Material 7.mat
  artifactKey: Guid(ff8f450dd1f6ddb4fb5110f23322bcec) Importer(2089858483,0ecaa5967403d082aa24f35e1b516d23)
Start importing Assets/New Material 7.mat using Guid(ff8f450dd1f6ddb4fb5110f23322bcec) Importer(2089858483,0ecaa5967403d082aa24f35e1b516d23) Generated GUIDs only implemented for interfaces!
 -> (artifact id: '0a28e8e7e96ce801e425798cc7b54e8e') in 0.030968 seconds
Number of updated asset objects reloaded before import = 0
Number of asset objects unloaded after import = 1
========================================================================
Received Import Request.
  Time since last request: 0.000047 seconds.
  path: Assets/Day-Night Skyboxes/Textures/SkySunSet_Top.png
  artifactKey: Guid(2d392eade9cbd2546bb57e72a95e6df6) Importer(2089858483,0ecaa5967403d082aa24f35e1b516d23)
Start importing Assets/Day-Night Skyboxes/Textures/SkySunSet_Top.png using Guid(2d392eade9cbd2546bb57e72a95e6df6) Importer(2089858483,0ecaa5967403d082aa24f35e1b516d23) Generated GUIDs only implemented for interfaces!
 -> (artifact id: '88eecdb82226a9a2492c915c33689b28') in 0.269424 seconds
Number of updated asset objects reloaded before import = 0
Number of asset objects unloaded after import = 1
========================================================================
Received Import Request.
  Time since last request: 0.000037 seconds.
  path: Assets/Aura 2/Core/Code/Enums
  artifactKey: Guid(1ea1dc583af74c54e916ca8ab84a8584) Importer(2089858483,0ecaa5967403d082aa24f35e1b516d23)
Start importing Assets/Aura 2/Core/Code/Enums using Guid(1ea1dc583af74c54e916ca8ab84a8584) Importer(2089858483,0ecaa5967403d082aa24f35e1b516d23) Generated GUIDs only implemented for interfaces!
 -> (artifact id: 'b50ad6f89cc2211d2e805298c387396b') in 0.012098 seconds
Number of updated asset objects reloaded before import = 0
Number of asset objects unloaded after import = 1
========================================================================
Received Import Request.
  Time since last request: 0.000035 seconds.
  path: Assets/Day-Night Skyboxes/Textures/SkyNight_Left.png
  artifactKey: Guid(1b28b1ed2ef4f114394b2dde7b05f3fe) Importer(2089858483,0ecaa5967403d082aa24f35e1b516d23)
Start importing Assets/Day-Night Skyboxes/Textures/SkyNight_Left.png using Guid(1b28b1ed2ef4f114394b2dde7b05f3fe) Importer(2089858483,0ecaa5967403d082aa24f35e1b516d23) Generated GUIDs only implemented for interfaces!
 -> (artifact id: 'f9af8af621c5566a7f2a38e289895dff') in 0.116257 seconds
Number of updated asset objects reloaded before import = 0
Number of asset objects unloaded after import = 1
========================================================================
Received Import Request.
  Time since last request: 0.000026 seconds.
  path: Assets/Day-Night Skyboxes/Textures/SkyEarlyDusk_Top.png
  artifactKey: Guid(9d95a22c05b30774fa8556489f0c5561) Importer(2089858483,0ecaa5967403d082aa24f35e1b516d23)
Start importing Assets/Day-Night Skyboxes/Textures/SkyEarlyDusk_Top.png using Guid(9d95a22c05b30774fa8556489f0c5561) Importer(2089858483,0ecaa5967403d082aa24f35e1b516d23) Generated GUIDs only implemented for interfaces!
 -> (artifact id: 'f4fb4e7acc42b66e86822cd9168ebe4b') in 0.057822 seconds
Number of updated asset objects reloaded before import = 0
Number of asset objects unloaded after import = 1
========================================================================
Received Import Request.
  Time since last request: 0.000044 seconds.
  path: Assets/Day-Night Skyboxes/Textures/SkyHole_Left.png
  artifactKey: Guid(290f12ad67dd9334fae83c3cf6670a73) Importer(2089858483,0ecaa5967403d082aa24f35e1b516d23)
Start importing Assets/Day-Night Skyboxes/Textures/SkyHole_Left.png using Guid(290f12ad67dd9334fae83c3cf6670a73) Importer(2089858483,0ecaa5967403d082aa24f35e1b516d23) Generated GUIDs only implemented for interfaces!
 -> (artifact id: '5642f74f3e0ef77e1a6651d6b3686f01') in 0.085676 seconds
Number of updated asset objects reloaded before import = 0
Number of asset objects unloaded after import = 1
========================================================================
Received Import Request.
  Time since last request: 0.000054 seconds.
  path: Assets/Day-Night Skyboxes/Textures/SkyNoon_Bottom.png
  artifactKey: Guid(ca936d5ad9282044293249963704b9ce) Importer(2089858483,0ecaa5967403d082aa24f35e1b516d23)
Start importing Assets/Day-Night Skyboxes/Textures/SkyNoon_Bottom.png using Guid(ca936d5ad9282044293249963704b9ce) Importer(2089858483,0ecaa5967403d082aa24f35e1b516d23) Generated GUIDs only implemented for interfaces!
 -> (artifact id: '51ba4cda854bdb58a7e88c2d30598b7f') in 0.117049 seconds
Number of updated asset objects reloaded before import = 0
Number of asset objects unloaded after import = 1
========================================================================
Received Import Request.
  Time since last request: 0.000032 seconds.
  path: Assets/Day-Night Skyboxes/Textures/SkyMorning_Front.png
  artifactKey: Guid(9a0712f313ac35346b72a4a276b28bb2) Importer(2089858483,0ecaa5967403d082aa24f35e1b516d23)
Start importing Assets/Day-Night Skyboxes/Textures/SkyMorning_Front.png using Guid(9a0712f313ac35346b72a4a276b28bb2) Importer(2089858483,0ecaa5967403d082aa24f35e1b516d23) Generated GUIDs only implemented for interfaces!
 -> (artifact id: 'b881def41b3ee62d5e8240ff4a03e147') in 0.108801 seconds
Number of updated asset objects reloaded before import = 0
Number of asset objects unloaded after import = 1
========================================================================
Received Import Request.
  Time since last request: 0.000032 seconds.
  path: Assets/Aura 2/Core/Code/Shaders/Shaders/Sprites/Sprite Unlit.shader
  artifactKey: Guid(a1901b6b0e5452c49b2439fb615c7be2) Importer(2089858483,0ecaa5967403d082aa24f35e1b516d23)
Start importing Assets/Aura 2/Core/Code/Shaders/Shaders/Sprites/Sprite Unlit.shader using Guid(a1901b6b0e5452c49b2439fb615c7be2) Importer(2089858483,0ecaa5967403d082aa24f35e1b516d23) Generated GUIDs only implemented for interfaces!
 -> (artifact id: '68e1a816774707130ec78f17c8b526f5') in 0.071502 seconds
Number of updated asset objects reloaded before import = 0
Number of asset objects unloaded after import = 1
========================================================================
Received Import Request.
  Time since last request: 0.000178 seconds.
  path: Assets/Aura 2/Core/Code/Shaders/Shaders/Particles
  artifactKey: Guid(9b4e18bcba1dbe04ebb40d912d870912) Importer(2089858483,0ecaa5967403d082aa24f35e1b516d23)
Start importing Assets/Aura 2/Core/Code/Shaders/Shaders/Particles using Guid(9b4e18bcba1dbe04ebb40d912d870912) Importer(2089858483,0ecaa5967403d082aa24f35e1b516d23) Generated GUIDs only implemented for interfaces!
 -> (artifact id: '20f5f9bf6a0ee8f3c9e48b89324f327f') in 0.018830 seconds
Number of updated asset objects reloaded before import = 0
Number of asset objects unloaded after import = 1
========================================================================
Received Import Request.
  Time since last request: 0.000191 seconds.
  path: Assets/Day-Night Skyboxes/Textures/SkyBrightMorning_Top.png
  artifactKey: Guid(6942c5222258a7d4ca5f071156794a1f) Importer(2089858483,0ecaa5967403d082aa24f35e1b516d23)
Start importing Assets/Day-Night Skyboxes/Textures/SkyBrightMorning_Top.png using Guid(6942c5222258a7d4ca5f071156794a1f) Importer(2089858483,0ecaa5967403d082aa24f35e1b516d23) Generated GUIDs only implemented for interfaces!
 -> (artifact id: '928532d5ee33b68e1471131eaeab0766') in 0.078081 seconds
Number of updated asset objects reloaded before import = 0
Number of asset objects unloaded after import = 1
========================================================================
Received Import Request.
  Time since last request: 0.000213 seconds.
  path: Assets/Aura 2/Core/Code/Shaders/Shaders/StandardShaders/Unlit Textured.shader
  artifactKey: Guid(7a801c7d44863c24d9737101253b701c) Importer(2089858483,0ecaa5967403d082aa24f35e1b516d23)
Start importing Assets/Aura 2/Core/Code/Shaders/Shaders/StandardShaders/Unlit Textured.shader using Guid(7a801c7d44863c24d9737101253b701c) Importer(2089858483,0ecaa5967403d082aa24f35e1b516d23) Generated GUIDs only implemented for interfaces!
 -> (artifact id: '999ca5476d011b28f121c3cb80edcee2') in 0.067222 seconds
Number of updated asset objects reloaded before import = 0
Number of asset objects unloaded after import = 1
========================================================================
Received Import Request.
  Time since last request: 0.000029 seconds.
  path: Assets/Day-Night Skyboxes/Textures/SkyEarlyDusk_Right.png
  artifactKey: Guid(a8bbea5efbf70dc45a0dd6325430062f) Importer(2089858483,0ecaa5967403d082aa24f35e1b516d23)
Start importing Assets/Day-Night Skyboxes/Textures/SkyEarlyDusk_Right.png using Guid(a8bbea5efbf70dc45a0dd6325430062f) Importer(2089858483,0ecaa5967403d082aa24f35e1b516d23) Generated GUIDs only implemented for interfaces!
 -> (artifact id: '20abb0b77f70f418ca1ffe09ceb38541') in 0.204716 seconds
Number of updated asset objects reloaded before import = 0
Number of asset objects unloaded after import = 1
========================================================================
Received Import Request.
  Time since last request: 0.000455 seconds.
  path: Assets/Day-Night Skyboxes/Materials/SkyMorning.mat
  artifactKey: Guid(9991b6265f7f87d43b7e3c676739f203) Importer(2089858483,0ecaa5967403d082aa24f35e1b516d23)
Start importing Assets/Day-Night Skyboxes/Materials/SkyMorning.mat using Guid(9991b6265f7f87d43b7e3c676739f203) Importer(2089858483,0ecaa5967403d082aa24f35e1b516d23) Generated GUIDs only implemented for interfaces!
 -> (artifact id: '0497165471289b1afca0fef46a696d60') in 0.695374 seconds
Number of updated asset objects reloaded before import = 0
Number of asset objects unloaded after import = 7
========================================================================
Received Import Request.
  Time since last request: 0.000036 seconds.
  path: Assets/Scenes/load screen 1.unity
  artifactKey: Guid(1820e059651201041b65bb44916e1ce6) Importer(2089858483,0ecaa5967403d082aa24f35e1b516d23)
Start importing Assets/Scenes/load screen 1.unity using Guid(1820e059651201041b65bb44916e1ce6) Importer(2089858483,0ecaa5967403d082aa24f35e1b516d23) Generated GUIDs only implemented for interfaces!
 -> (artifact id: '5a33ef9cae8e40da908b5627b093aafc') in 0.191542 seconds
Number of updated asset objects reloaded before import = 0
Number of asset objects unloaded after import = 1
========================================================================
Received Import Request.
  Time since last request: 0.000030 seconds.
  path: Assets/Day-Night Skyboxes/Textures/SkyMorning_Left.png
  artifactKey: Guid(c6df5489072ca7a4fad87ec2825e86da) Importer(2089858483,0ecaa5967403d082aa24f35e1b516d23)
Start importing Assets/Day-Night Skyboxes/Textures/SkyMorning_Left.png using Guid(c6df5489072ca7a4fad87ec2825e86da) Importer(2089858483,0ecaa5967403d082aa24f35e1b516d23) Generated GUIDs only implemented for interfaces!
 -> (artifact id: 'ee121724c31e980da33323399f59140c') in 0.100128 seconds
Number of updated asset objects reloaded before import = 0
Number of asset objects unloaded after import = 1
========================================================================
Received Import Request.
  Time since last request: 0.002196 seconds.
  path: Assets/Day-Night Skyboxes/Textures/SkyHole_Front.png
  artifactKey: Guid(519bff0f165c6b541a8d626121260e3a) Importer(2089858483,0ecaa5967403d082aa24f35e1b516d23)
Start importing Assets/Day-Night Skyboxes/Textures/SkyHole_Front.png using Guid(519bff0f165c6b541a8d626121260e3a) Importer(2089858483,0ecaa5967403d082aa24f35e1b516d23) Generated GUIDs only implemented for interfaces!
 -> (artifact id: 'f9acbf7c84d1ed6486c6b26c384b2fef') in 0.130109 seconds
Number of updated asset objects reloaded before import = 0
Number of asset objects unloaded after import = 1
========================================================================
Received Import Request.
  Time since last request: 0.000042 seconds.
  path: Assets/Day-Night Skyboxes/Textures/SkyMorning_Back.png
  artifactKey: Guid(fcc2b2ac825c29e40a96b9fe97d58996) Importer(2089858483,0ecaa5967403d082aa24f35e1b516d23)
Start importing Assets/Day-Night Skyboxes/Textures/SkyMorning_Back.png using Guid(fcc2b2ac825c29e40a96b9fe97d58996) Importer(2089858483,0ecaa5967403d082aa24f35e1b516d23) Generated GUIDs only implemented for interfaces!
 -> (artifact id: '790b147c6e4a35bb526247506f6d1c0a') in 0.049992 seconds
Number of updated asset objects reloaded before import = 0
Number of asset objects unloaded after import = 1
========================================================================
Received Import Request.
  Time since last request: 0.000513 seconds.
  path: Assets/Day-Night Skyboxes
  artifactKey: Guid(5b7e6e61fe328b04e8a50467bd2da8f7) Importer(2089858483,0ecaa5967403d082aa24f35e1b516d23)
Start importing Assets/Day-Night Skyboxes using Guid(5b7e6e61fe328b04e8a50467bd2da8f7) Importer(2089858483,0ecaa5967403d082aa24f35e1b516d23) Generated GUIDs only implemented for interfaces!
 -> (artifact id: '290c8b3b8c22273606cdb18f6594c411') in 0.051239 seconds
Number of updated asset objects reloaded before import = 0
Number of asset objects unloaded after import = 1
========================================================================
Received Import Request.
  Time since last request: 0.001106 seconds.
  path: Assets/Day-Night Skyboxes/Textures/SkyMidNight_Front.png
  artifactKey: Guid(f29a90fb9c5a19045b7f1897b30c5777) Importer(2089858483,0ecaa5967403d082aa24f35e1b516d23)
Start importing Assets/Day-Night Skyboxes/Textures/SkyMidNight_Front.png using Guid(f29a90fb9c5a19045b7f1897b30c5777) Importer(2089858483,0ecaa5967403d082aa24f35e1b516d23) Generated GUIDs only implemented for interfaces!
 -> (artifact id: '9ad6749c96bfc300e0981f60f90f1889') in 0.066476 seconds
Number of updated asset objects reloaded before import = 0
Number of asset objects unloaded after import = 1
========================================================================
Received Import Request.
  Time since last request: 0.000256 seconds.
  path: Assets/Day-Night Skyboxes/Textures/SkyMidNight_Left.png
  artifactKey: Guid(b712a49fc11d9fd4dbf18d71b3f53e31) Importer(2089858483,0ecaa5967403d082aa24f35e1b516d23)
Start importing Assets/Day-Night Skyboxes/Textures/SkyMidNight_Left.png using Guid(b712a49fc11d9fd4dbf18d71b3f53e31) Importer(2089858483,0ecaa5967403d082aa24f35e1b516d23) Generated GUIDs only implemented for interfaces!
 -> (artifact id: '5bb7b0ce4cdb7dbb484e5ead44f6d680') in 0.152928 seconds
Number of updated asset objects reloaded before import = 0
Number of asset objects unloaded after import = 1
========================================================================
Received Import Request.
  Time since last request: 0.000043 seconds.
  path: Assets/Day-Night Skyboxes/Textures/SkyHole_Bottom.png
  artifactKey: Guid(209d171ae2172044ba0c2520127c8120) Importer(2089858483,0ecaa5967403d082aa24f35e1b516d23)
Start importing Assets/Day-Night Skyboxes/Textures/SkyHole_Bottom.png using Guid(209d171ae2172044ba0c2520127c8120) Importer(2089858483,0ecaa5967403d082aa24f35e1b516d23) Generated GUIDs only implemented for interfaces!
 -> (artifact id: 'ef5b8e5285b9ff0cd738c29bced82cf8') in 0.064613 seconds
Number of updated asset objects reloaded before import = 0
Number of asset objects unloaded after import = 1
========================================================================
Received Import Request.
  Time since last request: 0.000349 seconds.
  path: Assets/Day-Night Skyboxes/Textures/SkyMorning_Bottom.png
  artifactKey: Guid(ba8c76432fb29c44695a619aea972dc2) Importer(2089858483,0ecaa5967403d082aa24f35e1b516d23)
Start importing Assets/Day-Night Skyboxes/Textures/SkyMorning_Bottom.png using Guid(ba8c76432fb29c44695a619aea972dc2) Importer(2089858483,0ecaa5967403d082aa24f35e1b516d23) Generated GUIDs only implemented for interfaces!
 -> (artifact id: 'e5590f00fed2ca35dc9b3915adfeae07') in 0.044181 seconds
Number of updated asset objects reloaded before import = 0
Number of asset objects unloaded after import = 1
========================================================================
Received Import Request.
  Time since last request: 0.000029 seconds.
  path: Assets/Day-Night Skyboxes/readme.txt
  artifactKey: Guid(2cff80605f6f51d48aa05f9f384552cb) Importer(2089858483,0ecaa5967403d082aa24f35e1b516d23)
Start importing Assets/Day-Night Skyboxes/readme.txt using Guid(2cff80605f6f51d48aa05f9f384552cb) Importer(2089858483,0ecaa5967403d082aa24f35e1b516d23) Generated GUIDs only implemented for interfaces!
 -> (artifact id: '49af2d04576d4613071d2321ff971ab1') in 0.142953 seconds
Number of updated asset objects reloaded before import = 0
Number of asset objects unloaded after import = 1
========================================================================
Received Import Request.
  Time since last request: 0.000027 seconds.
  path: Assets/Aura 2/Core/Data
  artifactKey: Guid(510d4309ddbcc8e4ea10225b2ffb5c9d) Importer(2089858483,0ecaa5967403d082aa24f35e1b516d23)
Start importing Assets/Aura 2/Core/Data using Guid(510d4309ddbcc8e4ea10225b2ffb5c9d) Importer(2089858483,0ecaa5967403d082aa24f35e1b516d23) Generated GUIDs only implemented for interfaces!
 -> (artifact id: '72d67989dff09c785fcc6d00fc3238b0') in 0.041876 seconds
Number of updated asset objects reloaded before import = 0
Number of asset objects unloaded after import = 1
========================================================================
Received Import Request.
  Time since last request: 0.000031 seconds.
  path: Assets/Day-Night Skyboxes/Textures/SkyEarlyDusk_Front.png
  artifactKey: Guid(03d88a9245522804b93d275a99ae6f6a) Importer(2089858483,0ecaa5967403d082aa24f35e1b516d23)
Start importing Assets/Day-Night Skyboxes/Textures/SkyEarlyDusk_Front.png using Guid(03d88a9245522804b93d275a99ae6f6a) Importer(2089858483,0ecaa5967403d082aa24f35e1b516d23) Generated GUIDs only implemented for interfaces!
 -> (artifact id: 'dffb0b0c0a91ff6d1a7b23d4f2c3b00f') in 0.812275 seconds
Number of updated asset objects reloaded before import = 0
Number of asset objects unloaded after import = 1
========================================================================
Received Import Request.
  Time since last request: 0.000022 seconds.
  path: Assets/Aura 2/Core/Code/Extensions/Amplify/AmplifyShaderEditorExample.shader
  artifactKey: Guid(4bdceeb4008c7184ba3a3c2c64938ca8) Importer(2089858483,0ecaa5967403d082aa24f35e1b516d23)
Start importing Assets/Aura 2/Core/Code/Extensions/Amplify/AmplifyShaderEditorExample.shader using Guid(4bdceeb4008c7184ba3a3c2c64938ca8) Importer(2089858483,0ecaa5967403d082aa24f35e1b516d23) Generated GUIDs only implemented for interfaces!
 -> (artifact id: '6f281e6ee16a7d62a3e3e31367370494') in 0.017801 seconds
Number of updated asset objects reloaded before import = 0
Number of asset objects unloaded after import = 1
========================================================================
Received Import Request.
  Time since last request: 0.000041 seconds.
  path: Assets/Day-Night Skyboxes/Textures/SkyBrightMorning_Back.png
  artifactKey: Guid(39c4c18da0d298943ab7d4d6a770a6c4) Importer(2089858483,0ecaa5967403d082aa24f35e1b516d23)
Start importing Assets/Day-Night Skyboxes/Textures/SkyBrightMorning_Back.png using Guid(39c4c18da0d298943ab7d4d6a770a6c4) Importer(2089858483,0ecaa5967403d082aa24f35e1b516d23) Generated GUIDs only implemented for interfaces!
 -> (artifact id: 'd1de03cbcc74d5ee27faa46e4d92d451') in 4.434424 seconds
Number of updated asset objects reloaded before import = 0
Number of asset objects unloaded after import = 1
========================================================================
Received Import Request.
  Time since last request: 0.000108 seconds.
  path: Assets/Day-Night Skyboxes/Textures/SkyCloudy_Right.png
  artifactKey: Guid(d5618a43493f3e144a6ad0c0d17d335e) Importer(2089858483,0ecaa5967403d082aa24f35e1b516d23)
Start importing Assets/Day-Night Skyboxes/Textures/SkyCloudy_Right.png using Guid(d5618a43493f3e144a6ad0c0d17d335e) Importer(2089858483,0ecaa5967403d082aa24f35e1b516d23) Generated GUIDs only implemented for interfaces!
 -> (artifact id: '41352a37b045f91380a8d69cf537ea76') in 0.077474 seconds
Number of updated asset objects reloaded before import = 0
Number of asset objects unloaded after import = 1
========================================================================
Received Import Request.
  Time since last request: 0.001301 seconds.
  path: Assets/Day-Night Skyboxes/Source.zip
  artifactKey: Guid(5b865bf6fe1f5fa43aa26ea7a745b8a4) Importer(2089858483,0ecaa5967403d082aa24f35e1b516d23)
Start importing Assets/Day-Night Skyboxes/Source.zip using Guid(5b865bf6fe1f5fa43aa26ea7a745b8a4) Importer(2089858483,0ecaa5967403d082aa24f35e1b516d23) Generated GUIDs only implemented for interfaces!
 -> (artifact id: 'd8aad1469094c105d83fd64fcae0ebf1') in 0.061992 seconds
Number of updated asset objects reloaded before import = 0
Number of asset objects unloaded after import = 1
========================================================================
Received Import Request.
  Time since last request: 0.000132 seconds.
  path: Assets/Day-Night Skyboxes/Textures/SkySunSet_Left.png
  artifactKey: Guid(bfe69a7b1dad37946850215be95a6d79) Importer(2089858483,0ecaa5967403d082aa24f35e1b516d23)
Start importing Assets/Day-Night Skyboxes/Textures/SkySunSet_Left.png using Guid(bfe69a7b1dad37946850215be95a6d79) Importer(2089858483,0ecaa5967403d082aa24f35e1b516d23) Generated GUIDs only implemented for interfaces!
 -> (artifact id: '8810fce44f439ac40556fe729fb6a99e') in 0.618817 seconds
Number of updated asset objects reloaded before import = 0
Number of asset objects unloaded after import = 1
========================================================================
Received Import Request.
  Time since last request: 0.000025 seconds.
  path: Assets/Day-Night Skyboxes/Materials/SkyNight.mat
  artifactKey: Guid(493bfb50af5d9424da505ba945c86600) Importer(2089858483,0ecaa5967403d082aa24f35e1b516d23)
Start importing Assets/Day-Night Skyboxes/Materials/SkyNight.mat using Guid(493bfb50af5d9424da505ba945c86600) Importer(2089858483,0ecaa5967403d082aa24f35e1b516d23) Generated GUIDs only implemented for interfaces!
 -> (artifact id: 'edea5acd4a46912baa45fd1a9d53932e') in 0.829278 seconds
Number of updated asset objects reloaded before import = 0
Number of asset objects unloaded after import = 7
========================================================================
Received Import Request.
  Time since last request: 0.000041 seconds.
  path: Assets/Day-Night Skyboxes/Textures/SkyNight_Front.png
  artifactKey: Guid(6b14f3b4e0f9b0f48977fd2d27e03dfa) Importer(2089858483,0ecaa5967403d082aa24f35e1b516d23)
Start importing Assets/Day-Night Skyboxes/Textures/SkyNight_Front.png using Guid(6b14f3b4e0f9b0f48977fd2d27e03dfa) Importer(2089858483,0ecaa5967403d082aa24f35e1b516d23) Generated GUIDs only implemented for interfaces!
 -> (artifact id: '0436e5200a2404ae9c185818347885a7') in 0.204969 seconds
Number of updated asset objects reloaded before import = 0
Number of asset objects unloaded after import = 1
Editor requested this worker to shutdown with reason: Scaling down because of idle timeout
TcpMessagingSession - receive error: operation aborted. errorcode: 995, details: The I/O operation has been aborted because of either a thread exit or an application request.
AssetImportWorker is now disconnected from the server
Process exiting
Exiting without the bug reporter. Application will terminate with return code 0